INFO:root:User record b'4b0aea66-1a3d-47da-95b5-63679e985278' kafka_sensor_topic 5 269
INFO:root:User record b'1221074b-bbb3-4dcc-8627-135beb48a26a' kafka_sensor_topic 2 299
INFO:root:User record b'6813ed23-12e6-43d7-92a8-e2fd34775575' kafka_sensor_topic 5 270
INFO:root:User record b'170ff50f-c8c8-40bb-8425-25a5ae868dab' kafka_sensor_topic 4 302
INFO:root:User record b'5e3bc823-c842-4f35-9016-b233e8e98272' kafka_sensor_topic 4 303
INFO:root:User record b'eabf9eee-3740-47d4-9631-8d392b5ee8ba' kafka_sensor_topic 0 294
INFO:root:User record b'9de1f0a2-d387-4ef9-bfc0-388d0e322f4a' kafka_sensor_topic 2 300
INFO:root:User record b'e97f9af9-d243-449e-8f55-03beb077f2c2' kafka_sensor_topic 1 296
INFO:root:User record b'c4dab428-52cd-4ad2-a50a-5e762ecd375f' kafka_sensor_topic 5 271
INFO:root:User record b'd661fbbe-58f0-445d-92b9-67b254a38a58' kafka_sensor_topic 2 301
INFO:root:User record b'fcc453e6-b996-4f74-ac31-350b7dc829bb' kafka_sensor_topic 0 295
INFO:root:User record b'4ba29d67-29af-41c9-ae08-52d72d924420' kafka_sensor_topic 3 311
INFO:root:User record b'd8f5776b-7fe6-4a38-aa3c-3dfdec5b2dd6' kafka_sensor_topic 2 302
INFO:root:User record b'e11979fb-633b-4d40-8df9-f2b219db193e' kafka_sensor_topic 4 304
INFO:root:User record b'd432e84d-57d1-4923-8157-af8271a8ce98' kafka_sensor_topic 0 296
INFO:root:User record b'0e2eeedb-d985-4a1f-b3a1-d6b16c182a38' kafka_sensor_topic 2 303
INFO:root:User record b'60c5df3d-d9e9-488f-bd5e-7210a4e5535e' kafka_sensor_topic 1 297
INFO:root:User record b'78db957f-87f5-4189-8ce4-2799317044f1' kafka_sensor_topic 3 312
INFO:root:User record b'5804b671-d629-462f-8ad6-59c14f723104' kafka_sensor_topic 5 272
INFO:root:User record b'84156a12-a918-44b8-9225-58a4f3512c1b' kafka_sensor_topic 2 304
INFO:root:User record b'f56fda3b-fb97-474b-a54d-697306749a46' kafka_sensor_topic 0 297
INFO:root:User record b'03f0e03d-00f2-4cfa-a3b0-710da74df65d' kafka_sensor_topic 2 305
INFO:root:User record b'bd35be74-31ce-4ce7-9eaa-413fca42d6db' kafka_sensor_topic 5 273
INFO:root:User record b'6f4b4c8c-dfec-4ae2-8bc6-c60ae60f05a3' kafka_sensor_topic 2 306
INFO:root:User record b'435d2072-05e5-497c-aab1-98db9be70060' kafka_sensor_topic 0 298
INFO:root:User record b'9edba2b0-08bc-481e-8965-7bb531939bd4' kafka_sensor_topic 2 307
INFO:root:User record b'02feaee2-5d24-4679-8101-91cb479cd348' kafka_sensor_topic 2 308
INFO:root:User record b'ced6b747-85f1-42cf-8c6a-0ba12d1e6c5f' kafka_sensor_topic 5 274
INFO:root:User record b'30d1f25c-d89c-4baa-837c-8f31af60a48a' kafka_sensor_topic 2 309
INFO:root:User record b'47e0f2c6-0438-4bfa-b5bd-8431b1b74126' kafka_sensor_topic 0 299
INFO:root:User record b'f80221e2-7a8e-413f-af95-91c2c9a37421' kafka_sensor_topic 0 300
INFO:root:User record b'1fe94e60-2dd1-4e69-a295-8a911dba4ea1' kafka_sensor_topic 3 313
INFO:root:User record b'89503b0c-9120-4411-ad38-eaaa512dd40f' kafka_sensor_topic 0 301
INFO:root:User record b'9bfc2e8a-0f4b-4cce-be82-be3daf4bcfe1' kafka_sensor_topic 2 310
INFO:root:User record b'5d1dd970-e156-4f7b-b62d-3cb5da644a81' kafka_sensor_topic 0 302
INFO:root:User record b'4455a10e-6be9-4a71-a4f1-85842b8f3687' kafka_sensor_topic 1 298
INFO:root:User record b'2d2e084e-6e10-4a2f-9945-3e28f4addb03' kafka_sensor_topic 3 314
INFO:root:User record b'6924d44a-6f8e-4012-9d20-390f058fb610' kafka_sensor_topic 3 315
INFO:root:User record b'd44932ed-4c1b-49ea-8d6f-ce8627f2aed6' kafka_sensor_topic 0 303
INFO:root:User record b'3aa2c29f-3435-450b-b11b-bff7c5e2c2c5' kafka_sensor_topic 1 299
INFO:root:User record b'0e39d23c-731f-4033-a8aa-8f66fd0cbb47' kafka_sensor_topic 5 275
INFO:root:User record b'79c5989d-f8b2-4cfe-853f-2c05a16f5230' kafka_sensor_topic 3 316
INFO:root:User record b'4fedacbb-2619-4a1e-aec2-8d39e0a21489' kafka_sensor_topic 5 276
INFO:root:User record b'be32ed64-4a8c-4fa9-9ec3-87ef3016f175' kafka_sensor_topic 2 311
INFO:root:User record b'6a7d084f-f0be-4a03-8e6f-d9515d634fc0' kafka_sensor_topic 0 304
INFO:root:User record b'ad834720-6d08-4891-8fb5-c4014aa8d63e' kafka_sensor_topic 1 300
INFO:root:User record b'c6fd9498-9eb7-4778-b270-17edd4ffc02b' kafka_sensor_topic 5 277
INFO:root:User record b'08d8fae8-b0fa-4b19-b0d1-06bf182c7c03' kafka_sensor_topic 3 317
INFO:root:User record b'a87cac4e-f4be-4a5f-9114-2b8c64e05bca' kafka_sensor_topic 0 305
INFO:root:User record b'b7496438-5e79-462a-a2ef-e86231652b4e' kafka_sensor_topic 0 306
INFO:root:User record b'9deaa856-d4f1-426a-b6f5-6b8f984d728c' kafka_sensor_topic 5 278
INFO:root:User record b'62fdadca-dd55-4a2c-acdd-2688eb55be1d' kafka_sensor_topic 0 307
INFO:root:User record b'45c458b3-4656-42ed-89c6-ad139673d56e' kafka_sensor_topic 1 301
INFO:root:User record b'66e359c4-560d-48e3-9291-bf15a509f46e' kafka_sensor_topic 1 302
INFO:root:User record b'7ba2b3df-0c0d-4d4a-be53-919baadc2e3a' kafka_sensor_topic 5 279
INFO:root:User record b'3d32858b-a2e1-4071-a006-85c3b98f4828' kafka_sensor_topic 2 312
INFO:root:User record b'9d68ec57-cd8e-427d-9f19-1a5267687839' kafka_sensor_topic 0 308
INFO:root:User record b'7b3964f7-2abe-4ac2-b09d-87c674efdf27' kafka_sensor_topic 3 318
INFO:root:User record b'f2a2ee97-ca9c-4893-99a7-ae300f111aa9' kafka_sensor_topic 2 313
INFO:root:User record b'f05854f3-6fcc-4bb8-8b23-6e69cfa095ae' kafka_sensor_topic 4 305
INFO:root:User record b'5efd0bcc-bea1-42b7-9c02-1d8edbeb38c3' kafka_sensor_topic 2 314
INFO:root:User record b'c3a6eaae-d6d2-421a-994c-44ec67d385d2' kafka_sensor_topic 1 303
INFO:root:User record b'8b85e812-9a55-4c51-a953-f830bab3ea52' kafka_sensor_topic 4 306
INFO:root:User record b'3b5d087b-a8d1-4ac7-ad35-7704397d9b58' kafka_sensor_topic 0 309
INFO:root:User record b'9a65f4eb-3989-432c-96d8-177564634cc6' kafka_sensor_topic 3 319
INFO:root:User record b'd8ab8f42-b255-439f-9a62-d72d335c4214' kafka_sensor_topic 3 320
INFO:root:User record b'8d4ee4c3-f20f-44f0-b651-5f8f0aded215' kafka_sensor_topic 5 280
INFO:root:User record b'1e9d3875-d05b-47df-9912-c976f55649ec' kafka_sensor_topic 5 281
INFO:root:User record b'e6620fb6-bf87-42a3-a9f1-72820babc25a' kafka_sensor_topic 3 321
INFO:root:User record b'7e2a0a9f-7fd7-4fb5-a581-a684b87c9f20' kafka_sensor_topic 5 282
INFO:root:User record b'520565cd-6319-4415-acf9-aff4cf8a6b5a' kafka_sensor_topic 4 307
INFO:root:User record b'81d9b610-01fa-4c78-bd61-bf8c0d6dd8d8' kafka_sensor_topic 0 310
INFO:root:User record b'8a9a5466-57d5-43cc-b7ac-ef5c1f093736' kafka_sensor_topic 3 322
INFO:root:User record b'cdd92ba5-c550-4908-8ace-c12d692e306a' kafka_sensor_topic 0 311
INFO:root:User record b'e6873072-b08c-4545-9281-b88df2209db2' kafka_sensor_topic 4 308
INFO:root:User record b'60850c02-1777-4619-8076-58cecd28b9f7' kafka_sensor_topic 2 315
INFO:root:User record b'ac790d1b-3b79-4cbc-86df-83dc0a1524b2' kafka_sensor_topic 0 312
INFO:root:User record b'62291003-bb79-4c2c-950f-9231b1ac1c16' kafka_sensor_topic 0 313
INFO:root:User record b'b772922c-86d8-488c-aee6-9cf7fd74dc45' kafka_sensor_topic 2 316
INFO:root:User record b'3e278b46-fff7-4fbd-9ad3-ede70d3e4ec4' kafka_sensor_topic 4 309
INFO:root:User record b'b93a32d6-9e85-4da4-88d4-6e22e131a8db' kafka_sensor_topic 3 323
INFO:root:User record b'610a5652-4d2d-4880-b995-b6b37434f9d7' kafka_sensor_topic 0 314
INFO:root:User record b'724fef81-64eb-485b-addf-62757274622f' kafka_sensor_topic 4 310
INFO:root:User record b'7e64da80-5894-42bf-90ef-17cc029724dc' kafka_sensor_topic 3 324
INFO:root:User record b'ff97e6b0-cf05-4e3b-a47e-b8537f69d9c5' kafka_sensor_topic 2 317
INFO:root:User record b'0a7e44f9-65c6-4295-987f-957e49255576' kafka_sensor_topic 5 283
INFO:root:User record b'34051abe-ef36-4fe1-a15d-ca6c516abd5d' kafka_sensor_topic 0 315
INFO:root:User record b'622800c5-ddc2-4b3c-8423-52917a6a72a9' kafka_sensor_topic 0 316
INFO:root:User record b'd45db60e-152c-4d96-8ede-9b303229c26c' kafka_sensor_topic 5 284
INFO:root:User record b'254ff530-3e50-4486-a8d4-0c36b8186696' kafka_sensor_topic 4 311
INFO:root:User record b'8088a639-c1b4-4dfb-a84d-803a90957934' kafka_sensor_topic 1 304
INFO:root:User record b'edb80568-a180-4cc1-b1e9-f822756dc8fc' kafka_sensor_topic 2 318
INFO:root:User record b'40601405-b5a3-4f04-9b39-25eb8b62f4a3' kafka_sensor_topic 1 305
INFO:root:User record b'5c3f1450-0d1f-48b5-8d81-1e12325700f0' kafka_sensor_topic 2 319
INFO:root:User record b'a7e9196e-c92c-486f-917d-8f4e671cf930' kafka_sensor_topic 0 317
INFO:root:User record b'cc7f6a64-300d-4114-98dd-26ec13b67531' kafka_sensor_topic 5 285
INFO:root:User record b'0b6c0c1f-342b-45e4-9f20-940c9241bccf' kafka_sensor_topic 1 306
INFO:root:User record b'29f2776d-b4d4-43b9-ad4e-f19862501667' kafka_sensor_topic 2 320
INFO:root:User record b'cf10a3d0-6c42-4baa-8b6f-29ffce738b6a' kafka_sensor_topic 3 325
INFO:root:User record b'3436b436-74f0-4347-ad7c-baa8fd1de0ac' kafka_sensor_topic 2 321
INFO:root:User record b'6ab1582f-871f-4577-ae3b-0662db85b76e' kafka_sensor_topic 0 318
INFO:root:User record b'fe7cf9e0-50e5-4fc7-af1f-c04843b8a20f' kafka_sensor_topic 4 312
INFO:root:User record b'2be54adc-4379-41de-a3e2-9c2e66f53f3f' kafka_sensor_topic 4 313
INFO:root:User record b'cc397496-9e7d-4e2d-bfca-a9f7d836839d' kafka_sensor_topic 0 319
INFO:root:User record b'd201f2de-0180-4171-b839-de6e600e2f31' kafka_sensor_topic 4 314
INFO:root:User record b'84426421-fe6a-40a3-ac52-b5b184b89b64' kafka_sensor_topic 3 326
INFO:root:User record b'aa43cdf4-4b57-4771-913c-33c884f361b9' kafka_sensor_topic 1 307
INFO:root:User record b'eaeb6989-88fc-4294-99fc-46c6bc2713f4' kafka_sensor_topic 4 315
INFO:root:User record b'17ec7e9c-0bba-4bd9-9daf-e42a6ca6a146' kafka_sensor_topic 5 286
INFO:root:User record b'bdf201b0-4eb9-4166-aab0-6127747d076a' kafka_sensor_topic 1 308
INFO:root:User record b'5fabd955-feba-4b84-8ba7-762ecbefa976' kafka_sensor_topic 3 327
INFO:root:User record b'20f36fbe-3d00-4e56-a2d5-ac34ef1297b4' kafka_sensor_topic 5 287
INFO:root:User record b'a517d75a-703d-42bf-92d7-d04fd2df869f' kafka_sensor_topic 0 320
INFO:root:User record b'7bd706f1-1f3a-4d1f-b017-467feb5eebe9' kafka_sensor_topic 2 322
INFO:root:User record b'72805cfa-d3e9-4a0c-b4f5-1132ec5e2b4d' kafka_sensor_topic 0 321
INFO:root:User record b'ed0cf74b-1b51-4125-aa72-d265ab513b36' kafka_sensor_topic 5 288
INFO:root:User record b'995546ba-70e1-4148-b613-2c74959e38ac' kafka_sensor_topic 4 316
INFO:root:User record b'0603e449-978f-48d8-8a25-bbb9533aa041' kafka_sensor_topic 1 309
INFO:root:User record b'd8b7644f-13f0-4b19-9843-d842e3638eb0' kafka_sensor_topic 4 317
INFO:root:User record b'fc00a618-be9a-466d-8b28-68ce202340f2' kafka_sensor_topic 2 323
INFO:root:User record b'da3258d3-1507-4fbf-a957-2950db6f4735' kafka_sensor_topic 2 324
INFO:root:User record b'9a5e1a79-ec2e-4b59-951a-176d35fecfd7' kafka_sensor_topic 5 289
INFO:root:User record b'bd8a4423-9ae3-49d4-86a4-e440ec0641d5' kafka_sensor_topic 5 290
INFO:root:User record b'e3b5b50a-5e87-4d8a-a1af-644bb01ef03d' kafka_sensor_topic 0 322
INFO:root:User record b'343456c2-9ddb-4cad-8758-51fa9308c3ed' kafka_sensor_topic 4 318
INFO:root:User record b'a2ab8cca-6511-4e7c-a1d0-052fa10dcbd9' kafka_sensor_topic 1 310
INFO:root:User record b'41e79332-ce4a-489f-8553-d44fc8d4e119' kafka_sensor_topic 1 311
INFO:root:User record b'04a127c6-bac9-4cd3-b835-163d325369a2' kafka_sensor_topic 2 325
INFO:root:User record b'82cfc499-e10a-4b57-b086-bd3f1c5d8fca' kafka_sensor_topic 1 312
INFO:root:User record b'4f2a4307-2b08-4e0d-98c5-51e9b4b6739f' kafka_sensor_topic 1 313
INFO:root:User record b'a36e8d73-866d-4683-9ed5-9b382401695d' kafka_sensor_topic 2 326
INFO:root:User record b'dc09ac7c-b0fa-4108-9922-9849a591c1df' kafka_sensor_topic 5 291
INFO:root:User record b'42becbab-2f17-4627-96e9-7d81406d0ce2' kafka_sensor_topic 4 319
INFO:root:User record b'580951d0-f570-46d3-81b4-994b74c2810e' kafka_sensor_topic 0 323
INFO:root:User record b'f0013d09-93fd-4217-8320-daa4a0dfb473' kafka_sensor_topic 4 320
INFO:root:User record b'119b5e29-f0ef-4b2d-ace8-d1c16f038d6f' kafka_sensor_topic 3 328
INFO:root:User record b'006908ca-375f-4877-8204-700f92ac7c53' kafka_sensor_topic 5 292
INFO:root:User record b'ff1a8d92-42e0-47e9-bb5a-8c7550ad357b' kafka_sensor_topic 2 327
INFO:root:User record b'25674497-68a9-48e0-b3b5-844fa3acc726' kafka_sensor_topic 2 328
INFO:root:User record b'22132fd8-1167-487e-ad0d-c975b4faeb7e' kafka_sensor_topic 1 314
INFO:root:User record b'5b59bac6-242c-40bc-847f-dfc373b5ac39' kafka_sensor_topic 3 329
INFO:root:User record b'a8046ab2-c58a-40f0-9def-fa144d22160d' kafka_sensor_topic 3 330
INFO:root:User record b'c888b590-ef5e-4cf1-a4f3-f7aa368004bf' kafka_sensor_topic 0 324
INFO:root:User record b'1b894899-cf9d-4762-a8a3-c1cdcce194d3' kafka_sensor_topic 2 329
INFO:root:User record b'5cd5c37e-94aa-4c61-98df-0f59912bf7cb' kafka_sensor_topic 5 293
INFO:root:User record b'95bd9a1e-05de-4f2f-b894-d9150c611f37' kafka_sensor_topic 0 325
INFO:root:User record b'394c4095-bd6f-4d87-b70b-e25f1e84fed7' kafka_sensor_topic 0 326
INFO:root:User record b'98f5f7d5-c6c6-4877-9a49-6616609cc205' kafka_sensor_topic 3 331
INFO:root:User record b'63e2ad60-a2fb-4a94-9553-fcba05a1ad55' kafka_sensor_topic 5 294
INFO:root:User record b'027ccb0d-4952-4835-a4c4-7a75c2e7f81b' kafka_sensor_topic 5 295
INFO:root:User record b'4d26566b-2209-4c25-b324-df74017f7b88' kafka_sensor_topic 5 296
INFO:root:User record b'80281866-2c8e-40f6-b1d3-11534ad990ca' kafka_sensor_topic 5 297
INFO:root:User record b'c3ebb0a7-14e4-475a-a5b6-031e1c4a7572' kafka_sensor_topic 3 332
INFO:root:User record b'cbef459a-498c-4b44-a8ef-bf41f508aaba' kafka_sensor_topic 0 327
INFO:root:User record b'9b47f5e3-6749-4296-8065-4d0a620c06ed' kafka_sensor_topic 5 298
INFO:root:User record b'7f333ed6-3323-4299-bb56-ff85010e853f' kafka_sensor_topic 5 299
INFO:root:User record b'759d8430-1eca-4ba2-b7ae-f7ec5bbbd4a2' kafka_sensor_topic 5 300
INFO:root:User record b'd995aca2-2f3b-4ed6-ab6c-1c7425f2ff23' kafka_sensor_topic 3 333
INFO:root:User record b'7acbb9ba-295d-484a-8591-28294a7d23b3' kafka_sensor_topic 4 321
INFO:root:User record b'a61bd4c6-6959-420d-8685-a8c7d8084379' kafka_sensor_topic 2 330
INFO:root:User record b'9f6325d2-b665-4906-a835-2f7ec90faef2' kafka_sensor_topic 1 315
INFO:root:User record b'e3b7ebca-5d00-4419-b59c-f952c9f9ce3e' kafka_sensor_topic 1 316
INFO:root:User record b'770c15d5-9a6a-4faa-b35b-cc2610980aab' kafka_sensor_topic 1 317
INFO:root:User record b'e4c8f42c-3928-4247-a63d-374f1eb16af8' kafka_sensor_topic 0 328
INFO:root:User record b'93c7832b-cea0-4e7b-a74c-f07cd3bd7aa4' kafka_sensor_topic 2 331
INFO:root:User record b'24e4faf8-2d16-49d4-846e-c0c8c3e3dc56' kafka_sensor_topic 0 329
INFO:root:User record b'4b0384f1-5e78-4f7e-b81c-f52d98b71d21' kafka_sensor_topic 4 322
INFO:root:User record b'499bd44c-9cb4-4f40-aac0-7e671faf76b0' kafka_sensor_topic 2 332
INFO:root:User record b'552aff69-d986-414a-baa8-06de1467c288' kafka_sensor_topic 3 334
INFO:root:User record b'32d30385-813c-4d24-ab5f-35588364f95e' kafka_sensor_topic 2 333
INFO:root:User record b'a1cf83ca-e705-4c32-8a4d-2a48852b83de' kafka_sensor_topic 2 334
INFO:root:User record b'4e1b78bd-3f96-4999-8aa8-48148b104ce7' kafka_sensor_topic 5 301
INFO:root:User record b'8760fbf8-515e-40d0-96ae-99574b7e0cdf' kafka_sensor_topic 0 330
INFO:root:User record b'6d77de32-67d5-4267-bcca-6a5cb7e849c4' kafka_sensor_topic 3 335
INFO:root:User record b'a9c28275-68ab-4cef-b331-b5f80ec648ee' kafka_sensor_topic 4 323
INFO:root:User record b'47681801-258c-4682-8b68-8b6676264336' kafka_sensor_topic 2 335
INFO:root:User record b'cee8894a-3d4a-4277-91da-f4ded46d971c' kafka_sensor_topic 5 302
INFO:root:User record b'41f46d58-ef3b-4891-9745-ab998c832375' kafka_sensor_topic 3 336
INFO:root:User record b'6287d9b8-c385-4e72-8c49-6a5eb93abbf5' kafka_sensor_topic 4 324
INFO:root:User record b'f8b29c55-1aa8-49ab-9d18-bb245c974508' kafka_sensor_topic 0 331
INFO:root:User record b'7fc5431b-b27c-4120-957a-42d4726a84ec' kafka_sensor_topic 1 318
INFO:root:User record b'3b450dc3-b675-4bbe-be0d-ce5a46c98af8' kafka_sensor_topic 5 303
INFO:root:User record b'9264280f-7189-426c-aa28-e5fbe235ddd5' kafka_sensor_topic 5 304
INFO:root:User record b'4d5c2b4e-842a-4450-96dc-86fe09d11b37' kafka_sensor_topic 1 319
INFO:root:User record b'0ca4ed1c-2f30-4e17-8287-ede1433078b2' kafka_sensor_topic 5 305
INFO:root:User record b'c71e2119-599c-48fa-8872-756fed005eb7' kafka_sensor_topic 5 306
INFO:root:User record b'26452fd7-65c3-4261-81e0-4aca426396a9' kafka_sensor_topic 3 337
INFO:root:User record b'34317f9f-97c0-44bb-b9a3-09313b6c5e13' kafka_sensor_topic 0 332
INFO:root:User record b'63c1cf40-4fea-4f06-b956-0507e15ea8c0' kafka_sensor_topic 0 333
INFO:root:User record b'16ad4d22-50db-49c1-b41c-45de1f241f24' kafka_sensor_topic 5 307
INFO:root:User record b'582a8a16-e50b-4665-97b3-9ace3c8a1250' kafka_sensor_topic 4 325
INFO:root:User record b'9180d1d5-35fe-40bd-bc8e-9de6c2e1364e' kafka_sensor_topic 4 326
INFO:root:User record b'0c17519c-b30a-4c05-af7b-8efba57b5e6e' kafka_sensor_topic 1 320
INFO:root:User record b'58d4a6c8-27d0-4e40-8aa4-5363f71291fc' kafka_sensor_topic 0 334
INFO:root:User record b'32955524-4cba-401d-b960-8c684b4dad79' kafka_sensor_topic 0 335
INFO:root:User record b'01de0b73-6c13-4e21-9d2d-99bcfab858fd' kafka_sensor_topic 0 336
INFO:root:User record b'76e5c0e4-f36e-4623-950e-1a1b24fa949c' kafka_sensor_topic 3 338
INFO:root:User record b'551e95a5-69f3-412d-8a38-5ca4a8d56820' kafka_sensor_topic 1 321
INFO:root:User record b'd9c2684a-2713-4be3-b738-7672b0e054cd' kafka_sensor_topic 2 336
INFO:root:User record b'5dccce72-a1e7-4e18-a5e6-63bf5c8e0d55' kafka_sensor_topic 5 308
INFO:root:User record b'cad85b20-a005-4066-8577-99d21e2ce843' kafka_sensor_topic 2 337
INFO:root:User record b'657adc0d-e9bf-4d2b-99ef-65c09a614c30' kafka_sensor_topic 1 322
INFO:root:User record b'92f9be1a-a3de-4994-add2-467d440031d3' kafka_sensor_topic 4 327
INFO:root:User record b'09f2ee93-95e2-44e8-993d-83e729bdb5ae' kafka_sensor_topic 2 338
INFO:root:User record b'ba5fe7d4-fb59-4c17-be12-7c40bfd724a4' kafka_sensor_topic 1 323
INFO:root:User record b'56f49fa6-6c46-494e-b3bb-edc83e452aca' kafka_sensor_topic 3 339
INFO:root:User record b'53a1d8ff-55bb-4d5a-a303-87b64e7cc6f1' kafka_sensor_topic 2 339
INFO:root:User record b'62634bc0-41e7-4353-a358-326de6fff6b3' kafka_sensor_topic 2 340
INFO:root:User record b'b392502f-a4c2-43f3-a7ff-63bc8744a2e7' kafka_sensor_topic 4 328
INFO:root:User record b'8eb7ab3d-49c4-4ef6-841b-09e7d212ae39' kafka_sensor_topic 3 340
INFO:root:User record b'9bff3ea0-e445-49a1-a0cb-12543e41384c' kafka_sensor_topic 5 309
INFO:root:User record b'41ffa60b-3860-4d4f-b0a4-501f96e8ceee' kafka_sensor_topic 1 324
INFO:root:User record b'1e1a47da-ab54-473f-8ca4-7cec4a901ce9' kafka_sensor_topic 5 310
INFO:root:User record b'b2cd6bca-7733-4290-bded-112e07e2045e' kafka_sensor_topic 1 325
INFO:root:User record b'6a81646e-1c9b-423a-ab08-f08a550f9530' kafka_sensor_topic 0 337
INFO:root:User record b'021966d2-8cb6-4563-a959-303b3fdc791d' kafka_sensor_topic 2 341
INFO:root:User record b'101e9f1e-6e84-4294-8f1b-2cb434de9814' kafka_sensor_topic 1 326
INFO:root:User record b'5fede46a-a0f9-4829-ab89-ca149d0e286e' kafka_sensor_topic 0 338
INFO:root:User record b'1ec6a501-9991-4877-b1f7-35e3175cf67b' kafka_sensor_topic 4 329
INFO:root:User record b'91cb874d-5821-469b-bab8-063150cac739' kafka_sensor_topic 5 311
INFO:root:User record b'b76db935-2a6d-46c5-9a29-e8f81fbf7ef4' kafka_sensor_topic 1 327
INFO:root:User record b'e1707e3c-c546-41fb-9ef0-dd9b71cd44eb' kafka_sensor_topic 0 339
INFO:root:User record b'9d9f08d4-5857-4b3a-b298-fdd1ca553c51' kafka_sensor_topic 3 341
INFO:root:User record b'3984d667-a987-4f9d-b209-92915a4759e0' kafka_sensor_topic 5 312
INFO:root:User record b'ef38b515-da44-45bd-8928-2b4b30566f48' kafka_sensor_topic 3 342
INFO:root:User record b'f656e5d1-b539-4511-b44d-6a64801487d3' kafka_sensor_topic 2 342
INFO:root:User record b'6bab124e-39e0-4039-9e58-7d7acc4a557a' kafka_sensor_topic 2 343
INFO:root:User record b'd19cb8b1-341c-424f-97d4-5d6d96e7f951' kafka_sensor_topic 1 328
INFO:root:User record b'cd257b92-221e-4407-87d1-4c27d1d7c5f9' kafka_sensor_topic 5 313
INFO:root:User record b'4ba974b9-3923-479e-8da6-e14232d0b09e' kafka_sensor_topic 2 344
INFO:root:User record b'e81ae5df-84b9-4e47-9c93-03fc200961e9' kafka_sensor_topic 4 330
INFO:root:User record b'92c02e5b-83be-4df4-bcec-6b383ad03b88' kafka_sensor_topic 2 345
INFO:root:User record b'3c8d1a5c-3c65-4155-aa84-1507af310ebd' kafka_sensor_topic 3 343
INFO:root:User record b'04a440b4-4f1d-4386-8176-432b7c19c08f' kafka_sensor_topic 4 331
INFO:root:User record b'fa7c670f-d05f-4b64-a96d-f39d9bfc499f' kafka_sensor_topic 5 314
INFO:root:User record b'aa4b672b-4797-4754-97e4-375fe043965c' kafka_sensor_topic 4 332
INFO:root:User record b'5bab4472-6468-4a1f-aae1-33b90dbea4bc' kafka_sensor_topic 5 315
INFO:root:User record b'7ffbbd65-551e-4a2b-b451-97c5ca2c938b' kafka_sensor_topic 5 316
INFO:root:User record b'0f1993e3-26d0-429d-b70b-706da724a4de' kafka_sensor_topic 0 340
INFO:root:User record b'a2f4c4a9-ea01-4382-b9b0-74fa25d4fd89' kafka_sensor_topic 1 329
INFO:root:User record b'0d076671-8ccd-41a7-955c-be22b87d0cfa' kafka_sensor_topic 1 330
INFO:root:User record b'c6858bd9-938d-40bc-b5da-5d5b713dc98b' kafka_sensor_topic 5 317
INFO:root:User record b'3578ef4b-1447-40a2-be26-a9c4d9ef2772' kafka_sensor_topic 1 331
INFO:root:User record b'18b1eb67-5c93-485b-b10e-285cf12e24ab' kafka_sensor_topic 2 346
INFO:root:User record b'1336bdbf-324c-44fc-96f8-03f7454f4dff' kafka_sensor_topic 2 347
INFO:root:User record b'74915f2a-6708-4a01-a2cb-5ea8dd6b2d0e' kafka_sensor_topic 4 333
INFO:root:User record b'528d2261-8c07-49d1-a97b-f7d4899b01b3' kafka_sensor_topic 1 332
INFO:root:User record b'307b8fc5-d711-45ba-b75a-04ec1df9e331' kafka_sensor_topic 2 348
INFO:root:User record b'86f28300-96ec-481e-be3c-434e9f5c891e' kafka_sensor_topic 2 349
INFO:root:User record b'ef85122f-7879-4554-b09a-52d9659fecc9' kafka_sensor_topic 3 344
INFO:root:User record b'30e1d999-2423-406f-9049-04771f222949' kafka_sensor_topic 1 333
INFO:root:User record b'2d67a1ed-bf2b-4805-9b0e-61acfc1f04d0' kafka_sensor_topic 5 318
INFO:root:User record b'3ccffec1-b541-46b6-8307-4a314f3b7150' kafka_sensor_topic 0 341
INFO:root:User record b'ffbeb00d-4e3c-459d-bc2f-dfa5b452409a' kafka_sensor_topic 2 350
INFO:root:User record b'993d9088-9696-4387-8904-cc6e44b608be' kafka_sensor_topic 1 334
INFO:root:User record b'e013a39f-83ad-4021-89f1-dd407720a107' kafka_sensor_topic 4 334
INFO:root:User record b'4fbe7d73-4f73-436a-8a1d-b4e452cd1b7b' kafka_sensor_topic 2 351
INFO:root:User record b'50be743f-d5f1-4711-8795-b6c000fda2dd' kafka_sensor_topic 2 352
INFO:root:User record b'bed954fc-e096-4de5-9340-f01d091553b8' kafka_sensor_topic 2 353
INFO:root:User record b'd7c7dd43-215f-480f-a140-85268863e29c' kafka_sensor_topic 4 335
INFO:root:User record b'f73cec64-992f-4ce7-8969-002cda5f4aca' kafka_sensor_topic 4 336
INFO:root:User record b'b7fc3fa7-5636-4e53-9a0a-1a223dca20c8' kafka_sensor_topic 2 354
INFO:root:User record b'87f26e1d-b263-4fab-a554-acc8d4b38a17' kafka_sensor_topic 0 342
INFO:root:User record b'3b05778c-72ba-4cfa-8388-d244fb96aacd' kafka_sensor_topic 2 355
INFO:root:User record b'512c5ee6-15c5-445f-8dcb-e3dcd5a7e63e' kafka_sensor_topic 3 345
INFO:root:User record b'7cf9e7fb-c792-4d96-a196-5375c1e9002d' kafka_sensor_topic 3 346
INFO:root:User record b'42cf4f06-8a7c-42cf-be51-730df9506a7c' kafka_sensor_topic 0 343
INFO:root:User record b'c8c67ae6-888b-47a1-85ed-bb478351d448' kafka_sensor_topic 2 356
INFO:root:User record b'38889d65-c54c-48fc-80b6-2ce491354ecb' kafka_sensor_topic 0 344
INFO:root:User record b'acded190-3c8b-4570-b3c2-87ba1b6e2b49' kafka_sensor_topic 2 357
INFO:root:User record b'de5c360f-096d-43c7-a1a8-d54e679b9c64' kafka_sensor_topic 1 335
INFO:root:User record b'b38ed614-c79c-406e-ab17-0fe909389bda' kafka_sensor_topic 1 336
INFO:root:User record b'79cb7550-08df-4b78-8431-825bccfed7b3' kafka_sensor_topic 1 337
INFO:root:User record b'96b689ab-6bf3-4ce9-9032-80520979f918' kafka_sensor_topic 4 337
INFO:root:User record b'b126e584-7c4b-408e-8e0b-2bc08828b14f' kafka_sensor_topic 1 338
INFO:root:User record b'b367722d-8f1d-4812-a4e1-1e69d60864c2' kafka_sensor_topic 5 319
INFO:root:User record b'3645a765-008d-4c63-bf36-b2485fa46b67' kafka_sensor_topic 3 347
INFO:root:User record b'6d494d43-1b8d-4f28-bd2c-9243eb112503' kafka_sensor_topic 4 338
INFO:root:User record b'b13bfc4e-0f30-4b80-9f1b-9d522802e249' kafka_sensor_topic 5 320
INFO:root:User record b'68daaac9-efd2-4cc1-b08f-322a8167c375' kafka_sensor_topic 5 321
INFO:root:User record b'faf3aff1-9e06-4317-842b-039d0695e46e' kafka_sensor_topic 0 345
INFO:root:User record b'93acc380-90e4-415d-af72-b3f4caf6c485' kafka_sensor_topic 1 339
INFO:root:User record b'd64d29b4-7ad5-4712-941d-a1fe3c0f6f74' kafka_sensor_topic 3 348
INFO:root:User record b'487d22c7-5b69-4b70-ba24-cc05fcbf52b4' kafka_sensor_topic 2 358
INFO:root:User record b'8d03a793-541d-49b6-86eb-1210c6608c6a' kafka_sensor_topic 1 340
INFO:root:User record b'88834b56-81c1-488f-9859-7a5dafacdd2f' kafka_sensor_topic 0 346
INFO:root:User record b'f5f6e6cb-2ab8-4c8d-84dd-f9e2b7ab245d' kafka_sensor_topic 2 359
INFO:root:User record b'6aced2da-028e-4803-b5e7-c0659b455fe0' kafka_sensor_topic 3 349
INFO:root:User record b'b59f9096-2f32-419e-bd56-021a074e8056' kafka_sensor_topic 1 341
INFO:root:User record b'4fc7e0cd-aec2-47c4-9ff0-37015462eac5' kafka_sensor_topic 3 350
INFO:root:User record b'2efe0129-ec15-492b-a1c6-24abcc82dde8' kafka_sensor_topic 2 360
INFO:root:User record b'd62793df-e2bf-4a05-a4ff-d4dec218ba0e' kafka_sensor_topic 4 339
INFO:root:User record b'64a87bfc-92f5-4dc5-9282-2694b8bf6d81' kafka_sensor_topic 4 340
INFO:root:User record b'fccb3e20-cc3f-408a-af1a-d272194fbe8e' kafka_sensor_topic 3 351
INFO:root:User record b'5ef5225d-d6ad-4dfd-a904-0477667a78b7' kafka_sensor_topic 0 347
INFO:root:User record b'3286818e-25ed-48ca-a54f-e26ce6248457' kafka_sensor_topic 2 361
INFO:root:User record b'8403f721-2dfe-4665-bc4f-56953deb64d1' kafka_sensor_topic 0 348
INFO:root:User record b'4e52972b-516c-4410-a4cb-c988eb8df011' kafka_sensor_topic 5 322
INFO:root:User record b'64ea257e-21a2-489a-b411-91ace42ffef0' kafka_sensor_topic 4 341
INFO:root:User record b'24a88572-9ffd-478c-a009-78b3d93bfac3' kafka_sensor_topic 5 323
INFO:root:User record b'5ab52cea-8c73-4997-abbd-1ebaafdf7baa' kafka_sensor_topic 0 349
INFO:root:User record b'3c95dc78-3fce-475c-be0d-0bbf3a670f23' kafka_sensor_topic 4 342
INFO:root:User record b'fe147c05-632b-401c-94db-ac8e18c329c6' kafka_sensor_topic 4 343
INFO:root:User record b'a6e5db6e-c46e-4009-bcd8-206b79ddbd72' kafka_sensor_topic 0 350
INFO:root:User record b'3e1b2a0c-68ac-4fb3-9040-404e86e81a4e' kafka_sensor_topic 5 324
INFO:root:User record b'c94afc41-cf50-41b0-849a-97c41f2d8be1' kafka_sensor_topic 0 351
INFO:root:User record b'0207539f-5f93-4e85-9047-a247550d72c0' kafka_sensor_topic 0 352
INFO:root:User record b'e23f1e49-4ee4-4375-acec-a81c03af6eab' kafka_sensor_topic 1 342
INFO:root:User record b'6e207e2d-6ecc-4d00-bc1c-49216a1ea3d5' kafka_sensor_topic 4 344
INFO:root:User record b'9e6b50bb-1124-4a7c-9fd6-496999adae92' kafka_sensor_topic 2 362
INFO:root:User record b'cf10756f-1a77-40b3-b5ca-46555a1a095d' kafka_sensor_topic 0 353
INFO:root:User record b'68574d9f-55a3-43c1-b3f1-c3ca5c1a3abd' kafka_sensor_topic 0 354
INFO:root:User record b'0c0b4144-26e1-4b55-b80e-4a76ab4e2cd3' kafka_sensor_topic 3 352
INFO:root:User record b'b351b789-9821-4442-8127-a6b541563f39' kafka_sensor_topic 0 355
INFO:root:User record b'ac411b21-514b-46c3-8af2-ce8ed3e8b5a9' kafka_sensor_topic 1 343
INFO:root:User record b'7e0a1fad-2549-42e0-9685-c73eba408bf7' kafka_sensor_topic 3 353
INFO:root:User record b'67df6118-4cd4-4700-8bde-bd8d8e2d4d9b' kafka_sensor_topic 4 345
INFO:root:User record b'6ff6c68a-ee8b-4d98-9a2c-40e011aadb62' kafka_sensor_topic 5 325
INFO:root:User record b'dca5629f-841b-4f89-8b43-a2d598c22f25' kafka_sensor_topic 0 356
INFO:root:User record b'e0fabbf0-daff-499a-b127-acb90290e100' kafka_sensor_topic 2 363
INFO:root:User record b'5d0cb7bd-f1eb-4f8f-9674-26075c9ed483' kafka_sensor_topic 5 326
INFO:root:User record b'51e06d2c-f985-454c-b30f-39a6a4fc35f1' kafka_sensor_topic 2 364
INFO:root:User record b'c64debe0-bdf3-4b18-8f5f-9ccbba287f4a' kafka_sensor_topic 5 327
INFO:root:User record b'ecf5635b-a1f8-4ef9-8983-833c14b3ed8b' kafka_sensor_topic 0 357
INFO:root:User record b'bfa9fbcc-3c12-4702-ada4-3507beecffda' kafka_sensor_topic 2 365
INFO:root:User record b'60bb1bbc-5683-4cfd-8471-e818b39845e9' kafka_sensor_topic 5 328
INFO:root:User record b'c837f859-2810-4008-827c-4e62a778f6f4' kafka_sensor_topic 3 354
INFO:root:User record b'23543724-a8ea-47dc-ac5d-ccced42bcfe0' kafka_sensor_topic 3 355
INFO:root:User record b'e36eda9f-3769-4733-8dbf-be6f9842ec30' kafka_sensor_topic 1 344
INFO:root:User record b'db292ce6-7400-4cc9-adbb-2921b11b7271' kafka_sensor_topic 2 366
INFO:root:User record b'd44eb185-66da-44d2-9d0d-7f97caee33ff' kafka_sensor_topic 3 356
INFO:root:User record b'4dbcf90e-8dc8-43c7-b145-54bb890b3e13' kafka_sensor_topic 5 329
INFO:root:User record b'b1e766ec-7211-46d8-a85f-683c33575856' kafka_sensor_topic 2 367
INFO:root:User record b'b87adedc-aa8a-4ae4-aac9-38001eb11393' kafka_sensor_topic 1 345
INFO:root:User record b'fc2dc4a8-2065-4aec-9863-d885718fc43e' kafka_sensor_topic 0 358
INFO:root:User record b'93c30ad4-b616-4baa-a73f-3089692a0d2d' kafka_sensor_topic 1 346
INFO:root:User record b'137b2b4c-9a36-4e25-b165-97cc53280fbd' kafka_sensor_topic 0 359
INFO:root:User record b'b10b5f25-f44e-4759-8cc0-156852e0532f' kafka_sensor_topic 3 357
INFO:root:User record b'b6b60869-71e7-417d-b24b-afd1edd11da9' kafka_sensor_topic 1 347
INFO:root:User record b'4ca94b12-0bbd-4c94-84ae-773651eaf9e7' kafka_sensor_topic 5 330
INFO:root:User record b'57b2bb71-e8d0-4c69-8892-00b9dabd4875' kafka_sensor_topic 3 358
INFO:root:User record b'04842dd0-b3e6-48a7-8caa-268f0877d9fd' kafka_sensor_topic 1 348
INFO:root:User record b'73b42032-899c-4bab-a88f-2c657e3a7462' kafka_sensor_topic 1 349
INFO:root:User record b'c6337e94-61af-4916-a927-9e1d11ebafdd' kafka_sensor_topic 0 360
INFO:root:User record b'14b89693-346b-4470-bd98-7f6dcb962cb0' kafka_sensor_topic 1 350
INFO:root:User record b'82001a7e-2514-4c3f-9fde-20c0dbc11da3' kafka_sensor_topic 2 368
INFO:root:User record b'4d6eb245-0b67-4bd9-a905-8da86ac2b2ce' kafka_sensor_topic 1 351
INFO:root:User record b'9e276f33-2637-41c5-931e-8d498ff1cdc7' kafka_sensor_topic 4 346
INFO:root:User record b'd0d9e386-2e03-4307-b918-5df53f0f5154' kafka_sensor_topic 5 331
INFO:root:User record b'6d3ffb98-0720-4e3c-a66a-a7e7916b6881' kafka_sensor_topic 1 352
INFO:root:User record b'9ee07584-7db1-4c5b-8531-45de0add42ca' kafka_sensor_topic 3 359
INFO:root:User record b'bdc7972b-ad6f-426e-89c7-a86ddfd8dbca' kafka_sensor_topic 2 369
INFO:root:User record b'009c3c15-051e-4038-b50d-9c2f96f96da5' kafka_sensor_topic 3 360
INFO:root:User record b'f4598746-ebbe-4214-8f44-7c7dfcfc8223' kafka_sensor_topic 0 361
INFO:root:User record b'07e616c8-9823-4d8e-86e7-d0e75706265a' kafka_sensor_topic 1 353
INFO:root:User record b'cd90f35b-7df5-4054-9f66-5d41cec70485' kafka_sensor_topic 5 332
INFO:root:User record b'cb5f1d9f-7a95-4995-888f-87b973ada41f' kafka_sensor_topic 3 361
INFO:root:User record b'9825cf86-fe98-4873-bad3-166169532939' kafka_sensor_topic 3 362
INFO:root:User record b'8e15e550-e193-4555-be79-c6ec5c3f4c28' kafka_sensor_topic 3 363
INFO:root:User record b'b39ddc23-f172-4723-b16f-b857b1e6979f' kafka_sensor_topic 3 364
INFO:root:User record b'8698d9d0-4d82-4c69-9495-e32552d5c300' kafka_sensor_topic 5 333
INFO:root:User record b'4e57bfb8-878f-4835-8793-3f1357bacc9d' kafka_sensor_topic 0 362
INFO:root:User record b'823e738a-c87c-4f7c-8afc-bdefe5944134' kafka_sensor_topic 1 354
INFO:root:User record b'6d6fe98c-b57d-4c5b-bd1a-671d8e34ac5f' kafka_sensor_topic 2 370
INFO:root:User record b'faed69c8-d16f-467d-80bd-460cb95769b2' kafka_sensor_topic 2 371
INFO:root:User record b'4c3da6d7-2d17-48b6-8fb5-2f0312dff248' kafka_sensor_topic 0 363
INFO:root:User record b'bb870dec-5978-4918-bb78-e1f437ece8d6' kafka_sensor_topic 5 334
INFO:root:User record b'db4e6718-ff90-40c8-b220-3dfdc33140eb' kafka_sensor_topic 5 335
INFO:root:User record b'a8f7559d-68ee-4d06-af27-620e428fc027' kafka_sensor_topic 1 355
INFO:root:User record b'dabe4876-f831-482e-b396-53d53d5e6967' kafka_sensor_topic 0 364
INFO:root:User record b'680e5bbf-5c9d-494d-b3bf-259733a53df7' kafka_sensor_topic 0 365
INFO:root:User record b'ba6652bf-4eb6-406a-b898-3b3c2c4f375c' kafka_sensor_topic 5 336
INFO:root:User record b'62d173e1-cb16-4bd3-9293-93be9b81813f' kafka_sensor_topic 3 365
INFO:root:User record b'4e4add97-ce25-4352-af41-cbf8ff2ab2cc' kafka_sensor_topic 2 372
INFO:root:User record b'6ebc32b0-4495-4c40-953e-858d9d2ea8fe' kafka_sensor_topic 5 337
INFO:root:User record b'fc108132-b21c-478a-9796-70de095154a5' kafka_sensor_topic 3 366
INFO:root:User record b'd4530484-787c-4004-a66f-9d7583c072c0' kafka_sensor_topic 0 366
INFO:root:User record b'b35de211-a283-46c4-be8d-c1e8925baadc' kafka_sensor_topic 5 338
INFO:root:User record b'f771361c-0c8e-424b-af76-74cf744a2ed4' kafka_sensor_topic 1 356
INFO:root:User record b'5adfc4eb-bd7c-45d3-87d3-1cb587823fa7' kafka_sensor_topic 5 339
INFO:root:User record b'e82fbabc-ac64-4677-b488-8cb29d3a76cc' kafka_sensor_topic 5 340
INFO:root:User record b'dc5ac480-8e07-4771-87b8-760c31a099d2' kafka_sensor_topic 4 347
INFO:root:User record b'ccfc3f8a-26da-401c-a5a9-e5c885978592' kafka_sensor_topic 1 357
INFO:root:User record b'83f89e6e-27ea-48e6-a567-07877bdb0eb7' kafka_sensor_topic 5 341
INFO:root:User record b'bba1c9e3-3e4f-4f15-89b8-ab881aa16842' kafka_sensor_topic 2 373
INFO:root:User record b'0703657e-ac7f-4331-b943-ba97cb74eeb2' kafka_sensor_topic 3 367
INFO:root:User record b'8175edfe-8752-4b54-8957-a4cd6c9a3a5a' kafka_sensor_topic 3 368
INFO:root:User record b'1325ea0d-9680-48f0-bf62-8aae2afee377' kafka_sensor_topic 4 348
INFO:root:User record b'108a56ab-eb6e-492a-a34d-81519187de6d' kafka_sensor_topic 4 349
INFO:root:User record b'f3d7196d-060b-4c28-ad23-b669a7caee47' kafka_sensor_topic 4 350
INFO:root:User record b'9384312a-dfdb-4a97-92b1-ce72329ea5c1' kafka_sensor_topic 4 351
INFO:root:User record b'd0a86b6e-92a0-43b5-9b9c-fd845ae35326' kafka_sensor_topic 5 342
INFO:root:User record b'8ab9e820-360a-4b3f-aea8-14f49d761c1b' kafka_sensor_topic 5 343
INFO:root:User record b'08456fe4-2a14-4157-a11c-9d3c43857d03' kafka_sensor_topic 0 367
INFO:root:User record b'78d01f6e-7d2a-4792-b185-9de0dace8253' kafka_sensor_topic 0 368
INFO:root:User record b'5d843c62-6b62-4104-9245-9084ff759a74' kafka_sensor_topic 0 369
INFO:root:User record b'533ded17-8762-47a8-ad87-2c6e9630c20c' kafka_sensor_topic 4 352
INFO:root:User record b'2c1ff4f2-2da6-485f-9638-2b267caf6c23' kafka_sensor_topic 2 374
INFO:root:User record b'7e083c2f-95ce-491c-80de-191211374b4c' kafka_sensor_topic 3 369
INFO:root:User record b'7396ad11-d573-4727-8134-8e00d47b8f98' kafka_sensor_topic 3 370
INFO:root:User record b'0a7a182a-95ad-4dae-b6fd-8687d3ecf886' kafka_sensor_topic 0 370
INFO:root:User record b'715c84fa-b453-427e-a797-bee141ad4e9d' kafka_sensor_topic 4 353
INFO:root:User record b'03ddb295-f061-4f01-9401-b6335c21945a' kafka_sensor_topic 4 354
INFO:root:User record b'ad12fb78-d24c-4d58-8753-0d0e0c059790' kafka_sensor_topic 5 344
INFO:root:User record b'04180074-5739-4072-b8d3-788f6564f953' kafka_sensor_topic 1 358
INFO:root:User record b'96e15091-9db9-4a5a-8b91-0a61e0074546' kafka_sensor_topic 2 375
INFO:root:User record b'216bcc77-8f0f-4162-87a0-aa8d9bbdcf26' kafka_sensor_topic 5 345
INFO:root:User record b'980c9125-9095-46e1-953e-2c4b0193fc76' kafka_sensor_topic 3 371
INFO:root:User record b'b242145c-4cdd-4ed4-9b10-b8af297eabc5' kafka_sensor_topic 2 376
INFO:root:User record b'687a12a7-84ec-437d-b136-e6581071e0d1' kafka_sensor_topic 2 377
INFO:root:User record b'536bbc5f-8f6a-4438-ae26-026626aaa5c2' kafka_sensor_topic 3 372
INFO:root:User record b'147cf2a4-637f-4fb8-b3f8-505749a1c23a' kafka_sensor_topic 4 355
INFO:root:User record b'1426125f-a64c-4a4d-abe0-9c4a14597f07' kafka_sensor_topic 4 356
INFO:root:User record b'42b50429-0bc5-4c2d-923e-d8eacde3004c' kafka_sensor_topic 4 357
INFO:root:User record b'8b71957d-72b0-42b5-9295-1c07df09c1bd' kafka_sensor_topic 3 373
INFO:root:User record b'ee5aa095-9293-450f-9488-745a3be64f8d' kafka_sensor_topic 0 371
INFO:root:User record b'7d09d203-b86a-4803-8d1b-6bfb6c087e48' kafka_sensor_topic 0 372
INFO:root:User record b'60270e9b-120c-4669-b6ce-3c9728ae888a' kafka_sensor_topic 3 374
INFO:root:User record b'af0d63c3-c294-4f35-be97-42ca79d691ba' kafka_sensor_topic 0 373
INFO:root:User record b'a6f0782d-e4a3-42e7-bb4d-d36896b1a7d1' kafka_sensor_topic 1 359
INFO:root:User record b'08466bd3-da27-4701-b303-b2573ddb2a74' kafka_sensor_topic 4 358
INFO:root:User record b'd13fb123-b45d-4270-94a6-7c4aff8d5000' kafka_sensor_topic 0 374
INFO:root:User record b'4bc09bb1-3521-42a4-ba14-19b451c8537f' kafka_sensor_topic 3 375
INFO:root:User record b'8afb83bb-193c-4f08-808a-35e9a43eea7a' kafka_sensor_topic 0 375
INFO:root:User record b'493b2835-2a00-4389-91d6-f10b2db96cc3' kafka_sensor_topic 4 359
INFO:root:User record b'f6b973a5-a175-419e-ad46-ffd0117722ce' kafka_sensor_topic 1 360
INFO:root:User record b'a1165e10-836b-47a7-83c4-915f1664d5ff' kafka_sensor_topic 3 376
INFO:root:User record b'9cb25ca7-4a08-4073-9aa2-2375c40fb2bd' kafka_sensor_topic 4 360
INFO:root:User record b'e762d460-0a41-48d6-b77d-a73f19120366' kafka_sensor_topic 0 376
INFO:root:User record b'240bc610-5f75-411a-b2ef-e61d001fa4ff' kafka_sensor_topic 2 378
INFO:root:User record b'a2e9183e-da66-474f-a2b6-0416822dee4f' kafka_sensor_topic 2 379
INFO:root:User record b'e6c62b32-e49e-4cf3-83fe-e720c6f64c2b' kafka_sensor_topic 1 361
INFO:root:User record b'cf0bc42d-f60f-4f09-927e-c5334d441c42' kafka_sensor_topic 5 346
INFO:root:User record b'82df95e2-3519-45cb-8fd6-c8b220a8b31a' kafka_sensor_topic 3 377
INFO:root:User record b'646034dc-347a-4338-920a-4e250a8b46cb' kafka_sensor_topic 2 380
INFO:root:User record b'98c15099-e2c2-4ac2-9cbd-64479ee71214' kafka_sensor_topic 4 361
INFO:root:User record b'51ac0966-1230-46c7-8151-69983c279744' kafka_sensor_topic 5 347
INFO:root:User record b'09e65a56-b102-4ef8-9563-02b1457496f3' kafka_sensor_topic 2 381
INFO:root:User record b'703f312a-e7d1-4ab2-907d-29de14e44fdb' kafka_sensor_topic 0 377
INFO:root:User record b'78f18640-c8ca-4a6b-95ad-a0df034ad618' kafka_sensor_topic 0 378
INFO:root:User record b'721a26e7-7f01-4ddd-8345-3ad0c5aa0b00' kafka_sensor_topic 5 348
INFO:root:User record b'3ee221a0-6558-4063-a460-bdf8f44bbb8c' kafka_sensor_topic 3 378
INFO:root:User record b'62eb0de5-986f-4916-a3fd-22a17ac52213' kafka_sensor_topic 5 349
INFO:root:User record b'cd31025f-aef1-40ff-93a7-429dd8fa9974' kafka_sensor_topic 1 362
INFO:root:User record b'8f996663-1270-4aa8-a72d-c424a168cbd4' kafka_sensor_topic 1 363
INFO:root:User record b'7dcaed6c-8f09-407a-8e2a-fbb0e1cbc344' kafka_sensor_topic 1 364
INFO:root:User record b'3a868eb9-9ea3-4ccd-9f0f-b3d511ef69b1' kafka_sensor_topic 0 379
INFO:root:User record b'cdbd7d3e-95ef-4a04-8702-ea714d12668c' kafka_sensor_topic 2 382
INFO:root:User record b'50515273-08a8-415d-86ac-5c66738a11a8' kafka_sensor_topic 5 350
INFO:root:User record b'a0c4b978-71ca-4fd6-9afb-4af9f78614e6' kafka_sensor_topic 0 380
INFO:root:User record b'c63c2c64-47f9-4a5c-a843-d7dd6bd11bbe' kafka_sensor_topic 1 365
INFO:root:User record b'72210487-442c-4658-bff0-556980fa6c8d' kafka_sensor_topic 4 362
INFO:root:User record b'76f46eae-ca65-4843-b557-3d83720ad5d1' kafka_sensor_topic 0 381
INFO:root:User record b'3f8e7247-2fe8-4c31-b974-9d8128511a24' kafka_sensor_topic 5 351
INFO:root:User record b'e090e0b4-3f28-4e5e-a07a-9cd23a0e385c' kafka_sensor_topic 1 366
INFO:root:User record b'2a5ab461-22aa-43b5-ac0b-626d2065b9e8' kafka_sensor_topic 5 352
INFO:root:User record b'da36b9a0-c088-424f-bdd1-ab8a034ccc40' kafka_sensor_topic 3 379
INFO:root:User record b'0f8169e3-97f0-4f3a-bc33-e12158b963cd' kafka_sensor_topic 3 380
INFO:root:User record b'8fd733da-36e7-4118-adc9-bf878ceb223e' kafka_sensor_topic 5 353
INFO:root:User record b'b7281ce8-2bee-4339-90a9-d32ac0209026' kafka_sensor_topic 2 383
INFO:root:User record b'3576c95a-3b33-448a-97aa-2c4f6e569721' kafka_sensor_topic 1 367
INFO:root:User record b'bdfe0e16-6ff3-4ad7-a303-e2b69699324a' kafka_sensor_topic 3 381
INFO:root:User record b'e3125736-a88c-4aac-8bd9-3bb7e6e13c42' kafka_sensor_topic 3 382
INFO:root:User record b'a65e53d3-f2be-4556-a478-08ed77ff2565' kafka_sensor_topic 4 363
INFO:root:User record b'8ada0ddb-dc64-45cd-ba78-1b22c1f7b3ff' kafka_sensor_topic 5 354
INFO:root:User record b'84a88413-6164-4f87-a3af-0f7f9c95ed2f' kafka_sensor_topic 3 383
INFO:root:User record b'8b2de4de-639d-4553-a19f-7740abd437e5' kafka_sensor_topic 4 364
INFO:root:User record b'a984ddf2-00f7-43b2-b7bd-b8a10d76b852' kafka_sensor_topic 0 382
INFO:root:User record b'0959ea87-1f42-4531-a2bc-704cfafcc96c' kafka_sensor_topic 0 383
INFO:root:User record b'6b9c139a-3318-45cf-b8e1-47bc3076317c' kafka_sensor_topic 3 384
INFO:root:User record b'003a7d41-1d69-4f43-94b8-e441bbaff57f' kafka_sensor_topic 4 365
INFO:root:User record b'90df5cc2-1ca5-4ded-a7cc-c5461629d07e' kafka_sensor_topic 1 368
INFO:root:User record b'661245da-5dc1-40e5-85e4-0ab8a4c251a4' kafka_sensor_topic 2 384
INFO:root:User record b'1e772520-eb91-427e-9adb-d3f73cdadf82' kafka_sensor_topic 2 385
INFO:root:User record b'bc5090b3-7eff-469e-9ec1-932d47d1f1ad' kafka_sensor_topic 0 384
INFO:root:User record b'15f3a7a6-71e1-4310-9c38-47b40aa96586' kafka_sensor_topic 4 366
INFO:root:User record b'c86d9d49-1e80-471b-81ad-1d6d61990435' kafka_sensor_topic 2 386
INFO:root:User record b'328be6a4-fb81-4583-9e15-236478c664e3' kafka_sensor_topic 2 387
INFO:root:User record b'6c93c04c-a3e6-4635-913f-3ba75678c0d1' kafka_sensor_topic 0 385
INFO:root:User record b'4766fc08-7a76-4b6e-950c-e4489b41cae9' kafka_sensor_topic 1 369
INFO:root:User record b'c3f2b888-beb6-44de-b087-12523568cd70' kafka_sensor_topic 5 355
INFO:root:User record b'e2477a28-6ed0-4cd5-b03e-c2aa9e24946b' kafka_sensor_topic 1 370
INFO:root:User record b'c902152e-876f-491b-b85d-e1fd02c6e83f' kafka_sensor_topic 0 386
INFO:root:User record b'5b7d6618-21e6-4350-b275-2f0e46106c6e' kafka_sensor_topic 0 387
INFO:root:User record b'5a7fcc43-a616-411a-9521-74626e4e5054' kafka_sensor_topic 0 388
INFO:root:User record b'ed520348-6a78-44f7-9593-ded870fa6826' kafka_sensor_topic 0 389
INFO:root:User record b'4c3fb397-9e21-40e4-9e9f-68416ddddb38' kafka_sensor_topic 3 385
INFO:root:User record b'c7201282-778c-48b8-a6e2-d12c81df7526' kafka_sensor_topic 1 371
INFO:root:User record b'716b1e97-d1b1-4cde-ada1-fbaac4fda994' kafka_sensor_topic 2 388
INFO:root:User record b'10e13046-d25b-4a48-973d-383b417d647a' kafka_sensor_topic 2 389
INFO:root:User record b'46ac1ac0-14e4-471a-8365-601e9220128c' kafka_sensor_topic 3 386
INFO:root:User record b'e7e5bda2-f152-4885-b973-c481eb0ac64b' kafka_sensor_topic 0 390
INFO:root:User record b'75f1513e-d339-499a-b946-5c1b1c60fac3' kafka_sensor_topic 4 367
INFO:root:User record b'88bf8408-4d8e-42ae-97ad-2cfaae9349bf' kafka_sensor_topic 5 356
INFO:root:User record b'6464fb96-965e-4ad3-a797-37b030a4018d' kafka_sensor_topic 5 357
INFO:root:User record b'1369354e-c8ff-4983-afe7-0724a939876a' kafka_sensor_topic 0 391
INFO:root:User record b'6f1c850d-98eb-4c21-8909-82ad49fffcc6' kafka_sensor_topic 3 387
INFO:root:User record b'214b9da7-2b7b-4099-9b5e-6e1ce06c7871' kafka_sensor_topic 2 390
INFO:root:User record b'12379d7f-1e6a-4436-a21e-d3bb97ff1340' kafka_sensor_topic 1 372
INFO:root:User record b'4ad0cd1c-1ad1-4170-944c-3dfbaa56bcff' kafka_sensor_topic 1 373
INFO:root:User record b'0489dda3-6fae-4577-bc95-0c0c5b11fe72' kafka_sensor_topic 2 391
INFO:root:User record b'b3f2c153-282c-4960-8f4c-6b33979b8962' kafka_sensor_topic 1 374
INFO:root:User record b'0f57cc47-d483-4adf-9b62-77524ee217ce' kafka_sensor_topic 4 368
INFO:root:User record b'3b91abdd-afa1-4b18-885e-e4a933805c78' kafka_sensor_topic 5 358
INFO:root:User record b'485b5520-f07a-44f3-9676-4fc58e43b9ee' kafka_sensor_topic 0 392
INFO:root:User record b'9d7c4c9a-3919-4084-b9c9-2e220a785807' kafka_sensor_topic 4 369
INFO:root:User record b'6cc3fa6d-8da1-4f96-8b53-74264ec0e3f8' kafka_sensor_topic 4 370
INFO:root:User record b'921a2b79-8baf-4e94-9f30-3916e9c7c7c8' kafka_sensor_topic 3 388
INFO:root:User record b'7fe9d0ce-f554-453d-8ade-64f3b31a0855' kafka_sensor_topic 4 371
INFO:root:User record b'7fc6e49b-542d-4dd0-a084-911ad4e89a07' kafka_sensor_topic 4 372
INFO:root:User record b'260eb9eb-a7fd-4b9f-864e-9cc30fea40fb' kafka_sensor_topic 2 392
INFO:root:User record b'1d97c7b2-0333-456a-b3fa-c8ecb5a91272' kafka_sensor_topic 1 375
INFO:root:User record b'195a8b33-252e-4e71-97d5-5a28e7e9b548' kafka_sensor_topic 3 389
INFO:root:User record b'5b65c042-1a2a-4241-b66d-a234956baa23' kafka_sensor_topic 3 390
INFO:root:User record b'c91eddb7-2185-4bd3-8b33-55e7ce61fbea' kafka_sensor_topic 2 393
INFO:root:User record b'9b26219d-b13e-41c6-834f-2ab8ea14a09b' kafka_sensor_topic 3 391
INFO:root:User record b'964233bd-fe6b-4841-b891-44d6a97014a9' kafka_sensor_topic 0 393
INFO:root:User record b'6bba05ef-32b8-4c7a-aad2-d6ef39ba5dcb' kafka_sensor_topic 3 392
INFO:root:User record b'3f4632a7-d35d-4d73-ab8b-a6b6a1696993' kafka_sensor_topic 3 393
INFO:root:User record b'84718da1-8fb4-446f-b695-e6b2f2d1995a' kafka_sensor_topic 0 394
INFO:root:User record b'8896c2ba-75b0-4654-9f8c-bd7f6dc58ae4' kafka_sensor_topic 0 395
INFO:root:User record b'3bf86964-facd-4d7e-8ef7-655c319f2b79' kafka_sensor_topic 5 359
INFO:root:User record b'2108ea0d-570d-4bc0-9707-9216f2f9411f' kafka_sensor_topic 1 376
INFO:root:User record b'2b6c0fe6-1c99-42f7-b55e-21009f3b5b56' kafka_sensor_topic 5 360
INFO:root:User record b'992ca05f-a5bc-46b3-9cc9-46577b131aa2' kafka_sensor_topic 0 396
INFO:root:User record b'aaef50c5-c6b4-407e-b031-3c93b5270ab0' kafka_sensor_topic 0 397
INFO:root:User record b'92c300d9-db4d-49f3-971d-c7610ccc06e5' kafka_sensor_topic 3 394
INFO:root:User record b'69c3bfc3-988e-48ec-9f7c-80b66fb904c6' kafka_sensor_topic 3 395
INFO:root:User record b'c4d9a476-47e5-4610-a9e2-5c77778f8124' kafka_sensor_topic 0 398
INFO:root:User record b'50410fa9-a2a5-42cd-be65-db076afb2ec8' kafka_sensor_topic 4 373
INFO:root:User record b'b58118a3-e50f-45ff-b253-6b49ada5b449' kafka_sensor_topic 4 374
INFO:root:User record b'306eeb82-b18f-4157-a3b3-8fb7ec5b3d48' kafka_sensor_topic 3 396
INFO:root:User record b'c740a00f-5435-4b38-aa36-37b31d633abb' kafka_sensor_topic 3 397
INFO:root:User record b'4fff554b-9457-4d1c-b190-fda52ed537a1' kafka_sensor_topic 2 394
INFO:root:User record b'284dd44e-9406-4436-bce2-8b5c6c92cd98' kafka_sensor_topic 0 399
INFO:root:User record b'87af3f8f-a854-4bec-8cca-3bad6e164f7b' kafka_sensor_topic 5 361
INFO:root:User record b'33eb94f3-e5af-4100-9ca3-acee4b1eab2a' kafka_sensor_topic 0 400
INFO:root:User record b'923a2cd6-74e4-4517-b876-c51df0f12df7' kafka_sensor_topic 5 362
INFO:root:User record b'ed02cbae-163a-4a50-b565-93066aaf1cd7' kafka_sensor_topic 0 401
INFO:root:User record b'17f2d047-3d4e-47d9-877c-8cbf6f9e100a' kafka_sensor_topic 3 398
INFO:root:User record b'24261c15-d779-492d-ac0b-9a50b7b6b9ca' kafka_sensor_topic 5 363
INFO:root:User record b'6b7028ba-bc62-47d7-bee8-b5cc0cd9eec4' kafka_sensor_topic 0 402
INFO:root:User record b'8dbdd1b4-ed34-440c-b469-31396f81b797' kafka_sensor_topic 5 364
INFO:root:User record b'26ab3e0b-645b-4a4a-955d-1ce73be00e80' kafka_sensor_topic 2 395
INFO:root:User record b'dfd86329-5286-4d9e-99f2-e741b5c853dc' kafka_sensor_topic 0 403
INFO:root:User record b'69b02b73-ad2f-433a-b8da-3848c5541a46' kafka_sensor_topic 0 404
INFO:root:User record b'd6baaa09-633a-4345-9b72-a092066a4e2e' kafka_sensor_topic 3 399
INFO:root:User record b'097210c4-2abe-4717-bcd4-ce200800fd70' kafka_sensor_topic 4 375
INFO:root:User record b'2681b80c-d5f5-4d15-ac65-b5bf00818694' kafka_sensor_topic 1 377
INFO:root:User record b'5a303724-9eb2-4f1a-8a34-00fe2dc599b6' kafka_sensor_topic 4 376
INFO:root:User record b'1e6f3fac-c9fc-4346-a69f-60dc8efb6baa' kafka_sensor_topic 0 405
INFO:root:User record b'25195b81-09c6-4484-b055-4e1cfa58d39c' kafka_sensor_topic 0 406
INFO:root:User record b'3e9cc7b9-be0a-458a-ad8b-68cb27087142' kafka_sensor_topic 3 400
INFO:root:User record b'8d029b62-f9db-4322-9876-f10023a26497' kafka_sensor_topic 2 396
INFO:root:User record b'94540b71-b502-48ac-90e4-f78b3efada16' kafka_sensor_topic 4 377
INFO:root:User record b'3e786705-877a-47fa-aca0-aee2b6dc4d7b' kafka_sensor_topic 4 378
INFO:root:User record b'db71a09c-416d-43cd-be50-a5a9e1e3f592' kafka_sensor_topic 2 397
INFO:root:User record b'92626d01-598f-499c-82bf-444ceafdb3ed' kafka_sensor_topic 2 398
INFO:root:User record b'52732778-7f60-41ee-8555-83f96841f243' kafka_sensor_topic 0 407
INFO:root:User record b'6951f667-540b-443c-bd8c-444429ca5bb9' kafka_sensor_topic 4 379
INFO:root:User record b'3eb25d82-700a-42ba-a7ba-36d4b73efde8' kafka_sensor_topic 5 365
INFO:root:User record b'4fe97421-d368-476e-bf4a-63de1e14c088' kafka_sensor_topic 4 380
INFO:root:User record b'63a60c2b-9aa3-4140-8558-ec18b6c92321' kafka_sensor_topic 2 399
INFO:root:User record b'8152b265-8e28-4a58-82a7-a3b4e2f20050' kafka_sensor_topic 2 400
INFO:root:User record b'ed454695-6ce0-4398-8214-470aacbf5225' kafka_sensor_topic 3 401
INFO:root:User record b'1b8fb16e-99b3-4347-8b98-f52a19c67377' kafka_sensor_topic 5 366
INFO:root:User record b'3e570d40-37a1-48b9-a6a5-dc845bce0cb7' kafka_sensor_topic 0 408
INFO:root:User record b'04ab36c4-7937-4dda-af07-663bf1b9bfe6' kafka_sensor_topic 1 378
INFO:root:User record b'7b967634-caf7-4c49-a17a-f1e252e86952' kafka_sensor_topic 3 402
INFO:root:User record b'6ebef35a-e10e-46e1-b68d-05033116fafb' kafka_sensor_topic 2 401
INFO:root:User record b'b269e90d-2410-49f6-a9de-190b00836316' kafka_sensor_topic 0 409
INFO:root:User record b'3091e8a2-efe8-4ff8-a353-4e16c2db9771' kafka_sensor_topic 2 402
INFO:root:User record b'204e8783-a58a-4cbb-b32d-aa1ee47c47b8' kafka_sensor_topic 0 410
INFO:root:User record b'7b6f049a-9d6a-4f96-8437-644429528ee7' kafka_sensor_topic 4 381
INFO:root:User record b'f81ae041-bf62-47bf-b5f3-5ec72ae1bb7a' kafka_sensor_topic 2 403
INFO:root:User record b'fb49c498-f41c-4c11-84fa-49c0a62031f4' kafka_sensor_topic 0 411
INFO:root:User record b'0e04025e-5092-4b1a-8263-82ec720dd98f' kafka_sensor_topic 2 404
INFO:root:User record b'9e1611e7-4a8f-40f0-b6e1-6ca5abe19139' kafka_sensor_topic 4 382
INFO:root:User record b'f373cdbc-a4aa-40d7-9319-2748afe8e141' kafka_sensor_topic 2 405
INFO:root:User record b'125d5946-b6b9-41d7-bcd9-5b94ba5fc8cc' kafka_sensor_topic 5 367
INFO:root:User record b'62221c6f-f82f-40ca-8d0e-e63c28278003' kafka_sensor_topic 3 403
INFO:root:User record b'ba5096d6-fd89-4b05-969e-19cd6af74a47' kafka_sensor_topic 2 406
INFO:root:User record b'8365d86b-5773-430d-bdae-5912faa15996' kafka_sensor_topic 4 383
INFO:root:User record b'a13609fe-4f46-4473-a2bc-41cec7dc59eb' kafka_sensor_topic 0 412
INFO:root:User record b'76bcb1e8-268e-4d24-a02b-3002704b4468' kafka_sensor_topic 5 368
INFO:root:User record b'0b07a9b8-f96c-478b-9f53-a9e75bf6cc0d' kafka_sensor_topic 5 369
INFO:root:User record b'45f6ef7b-480d-4077-9cd2-8e33eac6c0a9' kafka_sensor_topic 0 413
INFO:root:User record b'a35a10ae-33ea-4c91-9a82-bc005cd9733a' kafka_sensor_topic 5 370
INFO:root:User record b'933d1a76-a1dd-415f-94c3-5f8198de206c' kafka_sensor_topic 5 371
INFO:root:User record b'5a91d19b-42e7-449a-985b-cbd0f13807bc' kafka_sensor_topic 5 372
INFO:root:User record b'fc929651-4158-4595-81fb-178077f3c2fd' kafka_sensor_topic 2 407
INFO:root:User record b'3e25ef86-ad0d-4165-baea-477c6347d444' kafka_sensor_topic 0 414
INFO:root:User record b'f45a1279-f076-407f-a780-3def53626c22' kafka_sensor_topic 2 408
INFO:root:User record b'd1f76b58-d875-428e-aa52-a8ef73fdbd4b' kafka_sensor_topic 4 384
INFO:root:User record b'8758a264-4509-48e5-b356-8a5e7e3bb327' kafka_sensor_topic 5 373
INFO:root:User record b'1d89b120-bea9-4bc5-ada8-71fdddc61d7b' kafka_sensor_topic 1 379
INFO:root:User record b'613e43e3-793f-481b-bd85-d2a9e8156f4b' kafka_sensor_topic 1 380
INFO:root:User record b'b14ec444-7df8-49e8-ab3d-07053cefa8da' kafka_sensor_topic 4 385
INFO:root:User record b'8d57d966-b240-4bd5-ae6f-b3e29c876b06' kafka_sensor_topic 1 381
INFO:root:User record b'21859a5c-c58f-448d-a908-00c29212bc82' kafka_sensor_topic 1 382
INFO:root:User record b'5615c3eb-2037-45a4-9580-c9aada1c2bf3' kafka_sensor_topic 1 383
INFO:root:User record b'1ce69e04-31d5-4993-a2a4-73ac4763e804' kafka_sensor_topic 0 415
INFO:root:User record b'5b8fccb5-2001-46ec-9ad4-6a1b15553dde' kafka_sensor_topic 3 404
INFO:root:User record b'6fc86d9e-1618-4133-bbb3-cdc44aecc18c' kafka_sensor_topic 3 405
INFO:root:User record b'ef6d19e0-8feb-40f2-a619-1249810f369f' kafka_sensor_topic 3 406
INFO:root:User record b'34dec578-c1a8-497b-805f-459e59643522' kafka_sensor_topic 2 409
INFO:root:User record b'ae160ea8-9933-4ad5-bd6b-4455641e3e85' kafka_sensor_topic 3 407
INFO:root:User record b'9aa8ab42-c6ce-4ed4-af12-f659c3021f46' kafka_sensor_topic 2 410
INFO:root:User record b'8b1fcc0b-2d29-4ac4-beca-a628733c3cd3' kafka_sensor_topic 1 384
INFO:root:User record b'bf4b6a12-900b-43f4-b946-9f3c9d5c7e42' kafka_sensor_topic 2 411
INFO:root:User record b'2f887488-0c74-4840-a8fc-97103bf976e4' kafka_sensor_topic 0 416
INFO:root:User record b'072e9488-7cb5-4844-a485-d90bf5493b08' kafka_sensor_topic 0 417
INFO:root:User record b'67a4d7c1-0ed2-4654-8e63-172a87889ffe' kafka_sensor_topic 1 385
INFO:root:User record b'ab175eb9-54ee-4dd0-bd36-6bd4e70f4101' kafka_sensor_topic 2 412
INFO:root:User record b'2bd2830b-7d66-4ed7-b4d6-245c175effc6' kafka_sensor_topic 5 374
INFO:root:User record b'd5828d44-ef29-472e-a742-1c3687d167a8' kafka_sensor_topic 2 413
INFO:root:User record b'fc9b4450-1a80-4f49-a51b-f41fd8ae1dac' kafka_sensor_topic 4 386
INFO:root:User record b'55aaca60-b80d-4071-a927-3809b448ca3d' kafka_sensor_topic 1 386
INFO:root:User record b'36b95af7-f790-4b43-bdca-6967d407ec55' kafka_sensor_topic 0 418
INFO:root:User record b'0a164885-65a4-4821-82cb-4a43d34bb24b' kafka_sensor_topic 0 419
INFO:root:User record b'0f630078-9861-4aca-b1d3-8734aa5fff81' kafka_sensor_topic 1 387
INFO:root:User record b'9745ed3f-681e-4815-845c-e1be45f281f0' kafka_sensor_topic 0 420
INFO:root:User record b'0164fc2e-eb85-4a37-9c4c-5fd76f64127a' kafka_sensor_topic 3 408
INFO:root:User record b'cfc53f03-068d-40be-a7e4-ccef3a3a9879' kafka_sensor_topic 5 375
INFO:root:User record b'd0652736-4ecd-4ddc-9a8b-87d46219112b' kafka_sensor_topic 5 376
INFO:root:User record b'165d697e-709b-4e9c-971a-4cb6df2bd9f1' kafka_sensor_topic 4 387
INFO:root:User record b'4f8634fe-91cc-4395-955a-0096c37b6d3b' kafka_sensor_topic 3 409
INFO:root:User record b'305681c3-997b-42f7-847c-2a70620e3b37' kafka_sensor_topic 4 388
INFO:root:User record b'8d825059-93cc-4ca7-b7a3-4109477909da' kafka_sensor_topic 5 377
INFO:root:User record b'dd33dbec-30ca-4a46-9f59-f7616758e1e7' kafka_sensor_topic 3 410
INFO:root:User record b'6a47e313-8a1e-44f2-8469-15238096fdc9' kafka_sensor_topic 2 414
INFO:root:User record b'e6723ca9-5221-46eb-9d3a-423356e1b1c3' kafka_sensor_topic 2 415
INFO:root:User record b'cbec7ffe-14af-45d2-afa4-818d0fafc049' kafka_sensor_topic 0 421
INFO:root:User record b'ed33ae14-22f4-4ffd-b818-0a14f7150cf1' kafka_sensor_topic 3 411
INFO:root:User record b'f723f1d5-1d9b-414e-ae4b-f9ea119896b1' kafka_sensor_topic 1 388
INFO:root:User record b'a25d9422-7057-4c50-8ff4-7ea28ae64a63' kafka_sensor_topic 4 389
INFO:root:User record b'b6ffa96b-f24f-4938-8289-b3cbc05f7b41' kafka_sensor_topic 3 412
INFO:root:User record b'e64d95ef-0cd4-4ba4-9d11-1f465657fc8c' kafka_sensor_topic 4 390
INFO:root:User record b'7bbb769d-15a3-454d-bbf7-77f0606d76ce' kafka_sensor_topic 2 416
INFO:root:User record b'4911d5da-28e2-424b-b9c3-8b31a6c6eb09' kafka_sensor_topic 5 378
INFO:root:User record b'4b14494a-01ff-4966-9aa8-bcc115021a46' kafka_sensor_topic 0 422
INFO:root:User record b'667af380-19ad-4720-a80c-f23622ef185e' kafka_sensor_topic 2 417
INFO:root:User record b'08450693-4efa-403b-8e61-897f2feb7c1c' kafka_sensor_topic 0 423
INFO:root:User record b'b5e59182-ef7a-4491-ba00-a3d742da4ade' kafka_sensor_topic 2 418
INFO:root:User record b'6259ea42-c387-42c6-943f-97034706a53f' kafka_sensor_topic 1 389
INFO:root:User record b'8ecfb31b-1479-4652-adbe-3620e0f96035' kafka_sensor_topic 2 419
INFO:root:User record b'7fd640d4-26fd-43cb-a770-8bf92e83c69c' kafka_sensor_topic 5 379
INFO:root:User record b'a09d6e24-11c6-41d5-bcf3-d0784e18c341' kafka_sensor_topic 2 420
INFO:root:User record b'501f4a23-1a03-486b-82d0-9f11ac62359a' kafka_sensor_topic 1 390
INFO:root:User record b'e3df4c6d-0f70-4aa5-9905-1cbbf70fbbad' kafka_sensor_topic 5 380
INFO:root:User record b'2b6f5cc6-e4e7-4bcd-8f11-cb75f0b28791' kafka_sensor_topic 1 391
INFO:root:User record b'5d98b081-bd5c-4d87-b85e-a5d726a1b9b6' kafka_sensor_topic 1 392
INFO:root:User record b'eb598877-0ca2-49d8-92bb-c2083d5c70f1' kafka_sensor_topic 5 381
INFO:root:User record b'44d8fb32-d2d3-4151-b538-055a37b7f1f9' kafka_sensor_topic 1 393
INFO:root:User record b'8bde53ef-276b-413e-8ec3-6f363ba3116d' kafka_sensor_topic 0 424
INFO:root:User record b'4e9aa5d0-1571-4ac3-9b3a-9bd1b28f50fe' kafka_sensor_topic 5 382
INFO:root:User record b'34b91434-48b5-4c42-8af4-6e6cd04d42fb' kafka_sensor_topic 0 425
INFO:root:User record b'13203cd7-b7b1-4478-aaa6-c9c117df66ce' kafka_sensor_topic 3 413
INFO:root:User record b'93f94f49-e830-4962-8a2e-0b466028d264' kafka_sensor_topic 3 414
INFO:root:User record b'd689110c-27d9-4ea8-9ae4-e598d5157550' kafka_sensor_topic 5 383
INFO:root:User record b'1b011e7a-9f71-402d-b816-9727a9d1a14e' kafka_sensor_topic 5 384
INFO:root:User record b'9a587cba-0b20-4804-b239-e96d9ccb47da' kafka_sensor_topic 0 426
INFO:root:User record b'b9f681df-8ee4-460a-a465-c24af7e8bc54' kafka_sensor_topic 2 421
INFO:root:User record b'669d2045-e648-4020-b06b-b6a49e1a5d5a' kafka_sensor_topic 3 415
INFO:root:User record b'648feb29-3ad1-476d-99e8-4e9906121b92' kafka_sensor_topic 5 385
INFO:root:User record b'fea065bf-b3a5-43f5-9c45-ac8d7f8dae5b' kafka_sensor_topic 4 391
INFO:root:User record b'bf326364-f68e-4096-a0fe-dece37583999' kafka_sensor_topic 0 427
INFO:root:User record b'360cc3b4-8ed7-44e0-894b-2d734adf1c6f' kafka_sensor_topic 4 392
INFO:root:User record b'ac7412ea-ccb5-464a-b417-0bb7a2af7099' kafka_sensor_topic 1 394
INFO:root:User record b'55052a33-a860-4197-8143-aa1ed6e4df9f' kafka_sensor_topic 0 428
INFO:root:User record b'9ad9baa1-9299-4938-a24e-4a58e7d0fad3' kafka_sensor_topic 3 416
INFO:root:User record b'08491ede-b4d6-4b7e-9b60-65fa03cdfda4' kafka_sensor_topic 5 386
INFO:root:User record b'6da93f5d-c672-4f0c-af18-c8bd1208298c' kafka_sensor_topic 5 387
INFO:root:User record b'd2d36c0b-a8cc-4a2e-bc8c-c2a30a9f9a51' kafka_sensor_topic 0 429
INFO:root:User record b'ce73c3a9-68dc-48c6-8b6e-d34acd8cca89' kafka_sensor_topic 1 395
INFO:root:User record b'3c1bc85c-78b7-4772-aaf2-6055c16f0c92' kafka_sensor_topic 3 417
INFO:root:User record b'39f0e2f3-c73d-41e2-bdb6-b56e925e8456' kafka_sensor_topic 3 418
INFO:root:User record b'3f1f5c7c-5946-4761-b661-f07f0eb85d6b' kafka_sensor_topic 4 393
INFO:root:User record b'3ecc4be2-a886-4ece-b880-48cb51493e90' kafka_sensor_topic 5 388
INFO:root:User record b'fd5412be-485e-477f-a4a6-f0b67a3b3518' kafka_sensor_topic 2 422
INFO:root:User record b'e7cfff33-2600-4bb5-b85a-f6e0e4e9836d' kafka_sensor_topic 2 423
INFO:root:User record b'd62dd1c6-aef2-45c1-85d3-94099452e194' kafka_sensor_topic 2 424
INFO:root:User record b'07f7f3f7-8e8e-4545-b4e0-12b345c777de' kafka_sensor_topic 3 419
INFO:root:User record b'3e851923-db51-45f5-8c1b-01803547d033' kafka_sensor_topic 0 430
INFO:root:User record b'47ffe217-6125-41f4-9d2e-ce7430959e97' kafka_sensor_topic 3 420
INFO:root:User record b'cbeb55f1-1c85-453b-a436-7e1924f7bd90' kafka_sensor_topic 0 431
INFO:root:User record b'a5e51314-234e-4423-8abf-93b87cbf916e' kafka_sensor_topic 5 389
INFO:root:User record b'1d7fd23a-a5a2-4337-9eba-59b106aea168' kafka_sensor_topic 2 425
INFO:root:User record b'a3abbec9-9383-4d56-9da6-cd2265df58dd' kafka_sensor_topic 4 394
INFO:root:User record b'c8668cb7-f227-4d3f-ba07-fec7b1c84205' kafka_sensor_topic 4 395
INFO:root:User record b'146d3ac7-a039-4268-8038-68a35a3d8a49' kafka_sensor_topic 1 396
INFO:root:User record b'2ee3729b-0324-477d-a098-0753356f51a2' kafka_sensor_topic 0 432
INFO:root:User record b'feb658f6-35c4-4499-8fef-e56517a07068' kafka_sensor_topic 2 426
INFO:root:User record b'e0da02d1-b428-4780-b7e5-c2ce70d5b3d0' kafka_sensor_topic 1 397
INFO:root:User record b'f39806a2-2d96-4cc5-a016-379677471308' kafka_sensor_topic 4 396
INFO:root:User record b'13c6ed84-4533-4356-a3c0-275578caf09d' kafka_sensor_topic 1 398
INFO:root:User record b'9848dbb0-a5fb-4124-97cf-01f9d770d868' kafka_sensor_topic 3 421
INFO:root:User record b'71bd59d9-124c-438d-88c8-2004264be6fd' kafka_sensor_topic 1 399
INFO:root:User record b'4c2cdb2d-4de4-47b2-ba66-36a08a558587' kafka_sensor_topic 5 390
INFO:root:User record b'3b7465f5-814a-40ad-9af8-829d47954709' kafka_sensor_topic 1 400
INFO:root:User record b'ff6ffb4f-c932-4f54-a8fd-b80d84f5e28e' kafka_sensor_topic 5 391
INFO:root:User record b'c965fa9d-d10a-4d7f-a653-741ff416ff4b' kafka_sensor_topic 1 401
INFO:root:User record b'b12b079f-693b-4c09-b3a0-31066163c307' kafka_sensor_topic 4 397
INFO:root:User record b'1debc4e4-aa07-42e5-88b0-0ba4ad851af3' kafka_sensor_topic 4 398
INFO:root:User record b'e3979d7c-b170-4968-9534-ba6693f9bf76' kafka_sensor_topic 4 399
INFO:root:User record b'7382def9-4639-4fa7-960d-2c7e5ccd600c' kafka_sensor_topic 3 422
INFO:root:User record b'51f0176d-9659-4de6-b42e-10e1170d2a0e' kafka_sensor_topic 3 423
INFO:root:User record b'88e6fbc3-4815-4d36-abcc-1d397aa0193d' kafka_sensor_topic 3 424
INFO:root:User record b'430742af-d9b7-407f-8351-260b3b0b21e7' kafka_sensor_topic 2 427
INFO:root:User record b'a52565cc-c85d-4af4-8432-339a6c5220a5' kafka_sensor_topic 2 428
INFO:root:User record b'5db0a1dc-3fab-405d-adeb-e8af2f68e496' kafka_sensor_topic 4 400
INFO:root:User record b'6095165c-9261-48db-86ab-225b573d7e68' kafka_sensor_topic 0 433
INFO:root:User record b'92585011-4537-4e16-b499-3259bded3ff6' kafka_sensor_topic 0 434
INFO:root:User record b'037c067b-9dbf-4d5f-9ce0-fecdf0d8b445' kafka_sensor_topic 5 392
INFO:root:User record b'a4aa81af-fc19-4145-a81b-2848c84fd779' kafka_sensor_topic 0 435
INFO:root:User record b'699ccbfe-d47e-48d2-a864-4b8a85388ba3' kafka_sensor_topic 2 429
INFO:root:User record b'67f4dc61-3a2d-4449-8d52-db33197cb723' kafka_sensor_topic 2 430
INFO:root:User record b'ead2b61c-f206-4c7b-985a-98515660245d' kafka_sensor_topic 3 425
INFO:root:User record b'9dccdcd9-7aac-453c-b07e-60789031d5a4' kafka_sensor_topic 0 436
INFO:root:User record b'406f3734-52e0-4e28-9b68-5593bf9ddc13' kafka_sensor_topic 4 401
INFO:root:User record b'b16f7c7f-4743-4860-bc36-da479344e734' kafka_sensor_topic 2 431
INFO:root:User record b'b4ca355f-295d-424b-b659-446bf9951818' kafka_sensor_topic 0 437
INFO:root:User record b'36049d2e-82cd-4cd9-a2ac-2dcaa5d20aa0' kafka_sensor_topic 4 402
INFO:root:User record b'7bb2a482-6277-44e0-80b0-cee1c9a0977b' kafka_sensor_topic 4 403
INFO:root:User record b'6522259b-3d7b-45a5-ab85-10ff6f19a8fe' kafka_sensor_topic 2 432
INFO:root:User record b'7dc2a66b-89c3-4744-bfaf-c02ea6e0ca8e' kafka_sensor_topic 5 393
INFO:root:User record b'641894a8-a4dd-4be0-9bae-944c99c17620' kafka_sensor_topic 5 394
INFO:root:User record b'd44fc38e-97e2-4119-bb73-125ff3859555' kafka_sensor_topic 4 404
INFO:root:User record b'10c8369a-6e03-4a27-9f48-7b602d879c6d' kafka_sensor_topic 0 438
INFO:root:User record b'89c2f7b0-cb68-4d8b-b7e7-8a5081719717' kafka_sensor_topic 5 395
INFO:root:User record b'69b12ee2-c62c-4236-97d7-85ee80cf5e25' kafka_sensor_topic 1 402
INFO:root:User record b'a832e74b-42d9-48a8-8991-0e158a1d67b9' kafka_sensor_topic 1 403
INFO:root:User record b'92484c20-3196-4389-93a3-7ca6a3fb887b' kafka_sensor_topic 2 433
INFO:root:User record b'0a80e92a-d253-4aa4-930d-3714c1339b73' kafka_sensor_topic 1 404
INFO:root:User record b'ebe4d9c5-39e6-4e60-aeb8-1ad459b8a4ba' kafka_sensor_topic 3 426
INFO:root:User record b'fdf434ce-54b9-4d6f-bbef-bfe2e8c8231e' kafka_sensor_topic 4 405
INFO:root:User record b'551978c8-53ca-48af-8a8c-59a33db4a51f' kafka_sensor_topic 5 396
INFO:root:User record b'cc0ead19-b4f9-49c8-8217-ddc7af0fa4b8' kafka_sensor_topic 3 427
INFO:root:User record b'31650f82-f1e2-4b18-8bbf-278014dd1636' kafka_sensor_topic 2 434
INFO:root:User record b'eab718b6-2fd5-43aa-9a25-82630d1e4b65' kafka_sensor_topic 4 406
INFO:root:User record b'5d88db64-5042-4c2a-95ab-7ee185b65f69' kafka_sensor_topic 2 435
INFO:root:User record b'213f08c2-9e23-4b80-91bd-2c629000c2cb' kafka_sensor_topic 1 405
INFO:root:User record b'c4769289-3c32-4c01-9af9-5db3e428debd' kafka_sensor_topic 2 436
INFO:root:User record b'77475a02-895a-48c0-80a1-fdd141af19b2' kafka_sensor_topic 1 406
INFO:root:User record b'b805e043-ecdb-4545-8caa-1eb0154ace37' kafka_sensor_topic 5 397
INFO:root:User record b'37f00298-c5ce-45c7-bb6e-a448ac184007' kafka_sensor_topic 5 398
INFO:root:User record b'ea829f26-3b0e-44d4-821c-5d02844bb833' kafka_sensor_topic 3 428
INFO:root:User record b'2710eb08-048d-4a7e-b73f-762deb714a25' kafka_sensor_topic 1 407
INFO:root:User record b'241cfff3-6b64-4ea5-9f22-fd9d6f9f2a66' kafka_sensor_topic 0 439
INFO:root:User record b'46c88e8f-64a1-4f2e-ba6a-b860018af822' kafka_sensor_topic 1 408
INFO:root:User record b'2cbf6079-d5e9-448f-a04a-a8107349ddc8' kafka_sensor_topic 3 429
INFO:root:User record b'5f3d404f-7cff-42aa-a2fc-56b29039028b' kafka_sensor_topic 2 437
INFO:root:User record b'028161f8-447d-4145-94cc-e9131a514b45' kafka_sensor_topic 1 409
INFO:root:User record b'9d0006c9-cbcc-4968-bc20-7a108ae411e2' kafka_sensor_topic 3 430
INFO:root:User record b'a0cfdb79-1525-4018-9f95-9819e8f9e8fc' kafka_sensor_topic 0 440
INFO:root:User record b'942a715e-0038-4331-b203-5dea28d9b6ef' kafka_sensor_topic 2 438
INFO:root:User record b'549a62ea-1a35-48ba-b9ae-9e0779dd10ba' kafka_sensor_topic 1 410
INFO:root:User record b'45138052-3cd5-49cf-b87a-071a49922f15' kafka_sensor_topic 1 411
INFO:root:User record b'a381d630-4afb-4bad-aefe-21686ab8c967' kafka_sensor_topic 1 412
INFO:root:User record b'354456d3-0d39-456e-9e95-4315c6456675' kafka_sensor_topic 2 439
INFO:root:User record b'f49f9b02-7f8a-40bd-94b6-6ad7466ee54b' kafka_sensor_topic 0 441
INFO:root:User record b'f52291ad-50a0-4e51-97b2-5de2c1ce1316' kafka_sensor_topic 3 431
INFO:root:User record b'707c01ac-8453-4d17-a266-63b97d614643' kafka_sensor_topic 4 407
INFO:root:User record b'46e1f1e9-2a91-4417-a336-7ed8ed5c6d33' kafka_sensor_topic 4 408
INFO:root:User record b'308eb648-bd25-4f00-927e-5e702a1bb75a' kafka_sensor_topic 4 409
INFO:root:User record b'd6ccc8aa-adfe-4192-8fab-cbac6c8a6826' kafka_sensor_topic 2 440
INFO:root:User record b'11d49c71-c546-4d1f-8fc4-7e97115a43f9' kafka_sensor_topic 2 441
INFO:root:User record b'fe4b7fe9-b25e-4100-93ff-78551db3b9de' kafka_sensor_topic 5 399
INFO:root:User record b'1372892b-630d-4951-b95b-535ffe9640f6' kafka_sensor_topic 2 442
INFO:root:User record b'bb764400-622b-4436-bd77-1f1d67f994bc' kafka_sensor_topic 4 410
INFO:root:User record b'6f74e3cc-84c7-405e-81a1-15dc7629c947' kafka_sensor_topic 5 400
INFO:root:User record b'bd77c80f-5b31-45c2-a318-cc8d9496cbfb' kafka_sensor_topic 2 443
INFO:root:User record b'00207a14-0897-4437-9ad7-25135b450e77' kafka_sensor_topic 4 411
INFO:root:User record b'1c94946a-132e-45e8-bb66-0b9b7cb78f10' kafka_sensor_topic 1 413
INFO:root:User record b'effeac9e-f331-4de9-8f09-5ba3249a83ae' kafka_sensor_topic 3 432
INFO:root:User record b'117e0a20-04eb-4ca3-9ba2-7b12aa45c684' kafka_sensor_topic 4 412
INFO:root:User record b'a9cb9bc5-e2b9-451f-8c07-586505ec6440' kafka_sensor_topic 1 414
INFO:root:User record b'788cabd1-d015-4513-9e6e-a81b8212e280' kafka_sensor_topic 0 442
INFO:root:User record b'5bcd5e11-97de-4461-b15f-90119950f5de' kafka_sensor_topic 5 401
INFO:root:User record b'bdab2f97-7d0e-40d4-b06c-8b1cf24799bf' kafka_sensor_topic 5 402
INFO:root:User record b'c8b0c767-7fa8-410e-93f9-4768b0919bd6' kafka_sensor_topic 4 413
INFO:root:User record b'cf455be3-c8c0-4d5b-8fb0-ad076378f3bd' kafka_sensor_topic 5 403
INFO:root:User record b'74ed2182-28d1-4eec-9329-fd7e898f5846' kafka_sensor_topic 1 415
INFO:root:User record b'4d19df3a-90ab-438c-a034-50bcb908687a' kafka_sensor_topic 2 444
INFO:root:User record b'581a08dc-9d8a-4de4-aa2e-7a3b466bc4c7' kafka_sensor_topic 0 443
INFO:root:User record b'6edbf323-6ac6-4381-96df-12b5493b38f4' kafka_sensor_topic 3 433
INFO:root:User record b'12af5cce-3c15-4b19-8ded-7bbdaa29382f' kafka_sensor_topic 5 404
INFO:root:User record b'96e42f9d-0504-4835-a3b5-d4ad8d4e08e5' kafka_sensor_topic 4 414
INFO:root:User record b'948d5049-ad09-4492-aa82-07750d75dc74' kafka_sensor_topic 2 445
INFO:root:User record b'0df20dd7-6346-47dd-b1bf-3511e4333d55' kafka_sensor_topic 5 405
INFO:root:User record b'ef3efa91-9d0b-4733-aa20-054b6510f853' kafka_sensor_topic 3 434
INFO:root:User record b'4df28ba1-f26e-4706-b6a1-08168052e252' kafka_sensor_topic 5 406
INFO:root:User record b'724beef5-c595-4085-9979-eb2228125649' kafka_sensor_topic 0 444
INFO:root:User record b'74032680-97e4-4203-b8e6-10a3484f2912' kafka_sensor_topic 4 415
INFO:root:User record b'226003db-00bd-4590-ba90-5ca233a3af48' kafka_sensor_topic 1 416
INFO:root:User record b'd4ed0f2f-3079-4268-a6ea-d999c0934608' kafka_sensor_topic 0 445
INFO:root:User record b'c5110def-a835-471e-adba-ec41d134aae3' kafka_sensor_topic 4 416
INFO:root:User record b'ba21a005-1fd9-4008-b506-88aedfe69c48' kafka_sensor_topic 0 446
INFO:root:User record b'31f3552e-61d3-4852-86fd-b36a665164f5' kafka_sensor_topic 0 447
INFO:root:User record b'e0c302ab-d02f-45b9-a01e-2b121fbce95d' kafka_sensor_topic 2 446
INFO:root:User record b'96a78e7a-b99b-475b-9311-9276eaf256a7' kafka_sensor_topic 4 417
INFO:root:User record b'186543f0-8a29-41a7-a48f-4c7d81a188e1' kafka_sensor_topic 5 407
INFO:root:User record b'8d3b623a-3da7-42bc-80d8-167a6642f78d' kafka_sensor_topic 5 408
INFO:root:User record b'6554055e-0675-42cd-b60d-ac6e7da980c9' kafka_sensor_topic 4 418
INFO:root:User record b'04739320-2742-46b1-812b-8049f3ca5a69' kafka_sensor_topic 4 419
INFO:root:User record b'7490faa5-a4de-4e31-95b7-e02ffb5f08c2' kafka_sensor_topic 4 420
INFO:root:User record b'bf98e2fc-5d3e-4ca5-ac07-bbf08af558ed' kafka_sensor_topic 3 435
INFO:root:User record b'a1cad839-6bca-4fc2-a6ef-e543aecff238' kafka_sensor_topic 2 447
INFO:root:User record b'09ff2cce-703e-4761-ac4c-dff07b4599ca' kafka_sensor_topic 4 421
INFO:root:User record b'53974d0f-0bea-4a25-ba58-a2c2005e3cd4' kafka_sensor_topic 2 448
INFO:root:User record b'a252ddda-8535-4ce8-8c38-d0e07187f728' kafka_sensor_topic 1 417
INFO:root:User record b'c542ae4f-e8e3-465b-8bf8-933a6607af92' kafka_sensor_topic 4 422
INFO:root:User record b'836c766c-1e9e-4905-b5cb-695f0d63e9b5' kafka_sensor_topic 1 418
INFO:root:User record b'ba576ccc-7dd3-4b44-a980-b57cc405e7e3' kafka_sensor_topic 0 448
INFO:root:User record b'af6a406c-e8bf-4b84-8bc6-9d3e258d6842' kafka_sensor_topic 1 419
INFO:root:User record b'63951970-b84a-4155-a25f-0194d3d7edac' kafka_sensor_topic 4 423
INFO:root:User record b'930d80c9-1cdc-4dde-b279-825088c9b0a5' kafka_sensor_topic 3 436
INFO:root:User record b'fc45bdc6-f1e3-4133-8ec7-eb2ac6e53bd3' kafka_sensor_topic 1 420
INFO:root:User record b'3d052da2-bcd4-4d6d-8631-848f1fcb1ab0' kafka_sensor_topic 3 437
INFO:root:User record b'544fa7e2-2bb5-47de-a6f7-22276f7495fc' kafka_sensor_topic 5 409
INFO:root:User record b'e888b1b2-7745-463b-b57f-82a063be37d1' kafka_sensor_topic 0 449
INFO:root:User record b'80a1f22b-c914-4f14-a2c0-4fb4930136f9' kafka_sensor_topic 4 424
INFO:root:User record b'b5a73472-0980-40b5-a2fa-e1ff1836d3f8' kafka_sensor_topic 2 449
INFO:root:User record b'28642fad-2f17-4149-8bd5-1ab9e69f55be' kafka_sensor_topic 4 425
INFO:root:User record b'9ad36d7e-c52b-4e9b-a303-2c5854db4a77' kafka_sensor_topic 3 438
INFO:root:User record b'e9041c7a-c0d1-4245-87a5-d91821aedb68' kafka_sensor_topic 0 450
INFO:root:User record b'8f011657-93b5-4cca-a9fc-b8222f73c43c' kafka_sensor_topic 2 450
INFO:root:User record b'dbc78bf7-dfce-48bf-8452-c3d53f4db77c' kafka_sensor_topic 1 421
INFO:root:User record b'92eadd88-e9c6-4c9d-998b-446cdfd6f294' kafka_sensor_topic 1 422
INFO:root:User record b'09f27c3d-b645-41fa-9bfd-fce1e444206e' kafka_sensor_topic 1 423
INFO:root:User record b'ef290ef7-c7e0-4ea4-b9c2-83237798ecab' kafka_sensor_topic 2 451
INFO:root:User record b'42d4868a-849d-4480-8f23-dc11ba9be135' kafka_sensor_topic 3 439
INFO:root:User record b'5bc3d4e1-cdb9-45c1-9c84-d40a663f7b96' kafka_sensor_topic 3 440
INFO:root:User record b'9ab07a42-c56c-4b99-bd3d-914778648b19' kafka_sensor_topic 3 441
INFO:root:User record b'7bc160cd-dd8c-4771-99d9-8ab9249215d2' kafka_sensor_topic 2 452
INFO:root:User record b'1ce59eee-0272-4de2-bf69-85cad469628d' kafka_sensor_topic 3 442
INFO:root:User record b'e0a07e47-7f47-41a3-a5a1-938284ce9be5' kafka_sensor_topic 1 424
INFO:root:User record b'fa569052-d01b-4590-9fe1-18c3fa7cd322' kafka_sensor_topic 1 425
INFO:root:User record b'975addf7-6940-467b-b122-4ca53e26c834' kafka_sensor_topic 2 453
INFO:root:User record b'a9a217f3-e295-4c83-9b00-b5c2a3543e7c' kafka_sensor_topic 1 426
INFO:root:User record b'6c7e93dc-b69e-454f-bed7-55ae50855cdb' kafka_sensor_topic 4 426
INFO:root:User record b'008f457b-e880-448a-99b7-5f7783d44bd9' kafka_sensor_topic 2 454
INFO:root:User record b'33489fdf-138d-4347-b710-21526fbc9e93' kafka_sensor_topic 0 451
INFO:root:User record b'a6b1a358-2588-49b3-9d7f-43e2557cdc82' kafka_sensor_topic 4 427
INFO:root:User record b'87cf8178-86a5-47ec-a1ff-50d284a7dead' kafka_sensor_topic 1 427
INFO:root:User record b'664ae99b-aa1f-45ab-a1d8-68dece106042' kafka_sensor_topic 0 452
INFO:root:User record b'5bbe936f-1b18-4a56-8fd9-1b5f34f1a3a3' kafka_sensor_topic 4 428
INFO:root:User record b'3d4295f2-9460-4b83-800a-d33c5748acfd' kafka_sensor_topic 4 429
INFO:root:User record b'654347fb-7d78-414d-b7d7-de539210144b' kafka_sensor_topic 0 453
INFO:root:User record b'1db6f755-592e-4ded-b687-1a915bafcf08' kafka_sensor_topic 3 443
INFO:root:User record b'bdd1b652-4b48-4f38-a978-a245320fdda8' kafka_sensor_topic 2 455
INFO:root:User record b'05b95392-cb09-4646-952c-c1cc6b010310' kafka_sensor_topic 3 444
INFO:root:User record b'c3a07867-0746-4bc0-b0ab-feb9116be020' kafka_sensor_topic 3 445
INFO:root:User record b'cc938af3-51cd-4f82-a18c-4eb1a8ecdeaf' kafka_sensor_topic 3 446
INFO:root:User record b'aba6a474-5a0e-4b26-981a-cb9714d12170' kafka_sensor_topic 3 447
INFO:root:User record b'f57eb315-feb7-44c8-a402-ec5c1ec6e47f' kafka_sensor_topic 2 456
INFO:root:User record b'35c3d5fa-92b8-4b1c-92b7-7590329830f0' kafka_sensor_topic 0 454
INFO:root:User record b'34d01c0f-59f1-4990-bef8-5ca197b9d066' kafka_sensor_topic 3 448
INFO:root:User record b'ce3b1367-eff5-4483-9c85-cb4a90aa0def' kafka_sensor_topic 5 410
INFO:root:User record b'240108f6-b6da-4caa-8f5d-253255775d70' kafka_sensor_topic 5 411
INFO:root:User record b'fa897999-ffcd-4e9a-8eca-67af478c8813' kafka_sensor_topic 4 430
INFO:root:User record b'75dfdc32-7d7d-432e-b35b-dae50c78e444' kafka_sensor_topic 3 449
INFO:root:User record b'848905bf-8031-4521-8488-0d06f24aab8f' kafka_sensor_topic 5 412
INFO:root:User record b'c21b1137-c1b7-43c4-8dce-243ef1f4ce5f' kafka_sensor_topic 2 457
INFO:root:User record b'be89592c-bd56-4f06-b05d-3870dc5b7f5b' kafka_sensor_topic 1 428
INFO:root:User record b'cd9b13f6-f1ce-450f-80e0-9612328a5f3b' kafka_sensor_topic 3 450
INFO:root:User record b'c8950a0b-0e6c-4bf5-868e-70193f2bd060' kafka_sensor_topic 1 429
INFO:root:User record b'34d063f1-fb36-489e-b1ff-a66ece806ca6' kafka_sensor_topic 4 431
INFO:root:User record b'97710fae-6e24-4f2b-91f2-f2caf66b6fdc' kafka_sensor_topic 0 455
INFO:root:User record b'82922172-7cb6-4448-82c8-c1644ba9de66' kafka_sensor_topic 2 458
INFO:root:User record b'bdf5790b-431a-4f88-afe9-d8d0eda1b1ef' kafka_sensor_topic 5 413
INFO:root:User record b'2ec05011-2e7e-4684-84f8-edece0f724ae' kafka_sensor_topic 0 456
INFO:root:User record b'72b026a6-8d43-40c1-bc42-50345b654dd8' kafka_sensor_topic 3 451
INFO:root:User record b'a3034e31-ef7f-4a32-aafc-81b334314a0f' kafka_sensor_topic 3 452
INFO:root:User record b'3d80db7c-36f1-40db-a2ee-133acb7efad8' kafka_sensor_topic 5 414
INFO:root:User record b'27926514-ae8b-4139-aee9-78c96129a3c7' kafka_sensor_topic 3 453
INFO:root:User record b'8803c09a-7e0c-46a5-92f3-5c477239be0c' kafka_sensor_topic 1 430
INFO:root:User record b'fbfa0dce-9f51-49b5-ab19-3d0f78705c85' kafka_sensor_topic 1 431
INFO:root:User record b'83094571-1dcd-4ea9-934a-8b0666981a62' kafka_sensor_topic 2 459
INFO:root:User record b'217b96a9-479c-45aa-846c-9fc4a70eebf7' kafka_sensor_topic 3 454
INFO:root:User record b'6d7952de-0035-4460-9857-87435b616e9d' kafka_sensor_topic 3 455
INFO:root:User record b'e2efdb61-bd84-4283-b0c0-4688c7a4c4ab' kafka_sensor_topic 2 460
INFO:root:User record b'96facb73-fc6a-4267-b444-b08d15a6d981' kafka_sensor_topic 4 432
INFO:root:User record b'b7623475-f08a-41ae-9622-21ce5c28e8dd' kafka_sensor_topic 4 433
INFO:root:User record b'76e7dbe1-0bee-4cce-af52-cd3acf03f1ba' kafka_sensor_topic 3 456
INFO:root:User record b'79d7dbee-2ee6-4130-a803-88a5f360d88b' kafka_sensor_topic 0 457
INFO:root:User record b'41e677e3-f86a-48d5-8637-f29846c7f0a5' kafka_sensor_topic 1 432
INFO:root:User record b'80c0072f-180e-42e9-b3e6-80e6c9d25150' kafka_sensor_topic 3 457
INFO:root:User record b'16ddaa0b-6c36-4429-84ff-ef750a83d7b7' kafka_sensor_topic 5 415
INFO:root:User record b'b1cd7bc3-44d1-47ff-bd54-afb861bca4be' kafka_sensor_topic 2 461
INFO:root:User record b'581d64aa-44cc-4898-9bc3-d3508fc6b508' kafka_sensor_topic 5 416
INFO:root:User record b'2a5a21c0-d4d7-4d27-9c8a-e1e383529046' kafka_sensor_topic 3 458
INFO:root:User record b'cf291e81-a60b-4017-b412-85e812a5c43f' kafka_sensor_topic 5 417
INFO:root:User record b'065ed4b7-6d42-4fb9-8749-cfef3bba7f95' kafka_sensor_topic 3 459
INFO:root:User record b'a55dbb6e-41d1-46e6-8fcf-4770161aa342' kafka_sensor_topic 4 434
INFO:root:User record b'b307d358-5083-4d17-aa19-b20786669159' kafka_sensor_topic 2 462
INFO:root:User record b'cb4b9d75-0cde-4ef5-a8ef-d4b49a173035' kafka_sensor_topic 2 463
INFO:root:User record b'1b6ad35a-37b3-4ea1-b476-cab15caf239a' kafka_sensor_topic 1 433
INFO:root:User record b'4a45a594-968d-4121-8f17-5e28abbd6fb9' kafka_sensor_topic 1 434
INFO:root:User record b'91285725-7fc7-4b28-82d4-b849dbba81db' kafka_sensor_topic 0 458
INFO:root:User record b'a3da04d0-261d-476e-ad0d-b32366d03f16' kafka_sensor_topic 4 435
INFO:root:User record b'5af5b5f9-661d-4c2c-9230-46139f5e19ab' kafka_sensor_topic 0 459
INFO:root:User record b'7c61c137-d5c3-447d-ad83-c8f3182be26a' kafka_sensor_topic 5 418
INFO:root:User record b'8ba8ffff-1f22-4ca9-b9c9-f248f3ea773a' kafka_sensor_topic 3 460
INFO:root:User record b'df940d3d-ea57-431e-9b00-34fb98a5770d' kafka_sensor_topic 4 436
INFO:root:User record b'6db89af8-a54d-4caa-b3d0-8f6f7c2e30e5' kafka_sensor_topic 2 464
INFO:root:User record b'f9e824c1-8e1c-4837-b9c1-038c5bd01e5c' kafka_sensor_topic 0 460
INFO:root:User record b'c7744d3b-af0d-4d6b-8913-ae71d28ff6d5' kafka_sensor_topic 4 437
INFO:root:User record b'121e651e-7e6a-466d-9ce8-bf22359d8d0b' kafka_sensor_topic 4 438
INFO:root:User record b'39ab9192-a29d-429b-91f3-35600d638af7' kafka_sensor_topic 3 461
INFO:root:User record b'8cdfaddd-d6f2-4441-9ede-86962141aa5b' kafka_sensor_topic 1 435
INFO:root:User record b'455ca537-7a33-4f4f-aaca-73ef72283f65' kafka_sensor_topic 2 465
INFO:root:User record b'f7ffd954-47a0-4dfe-9f8d-187407b925f7' kafka_sensor_topic 5 419
INFO:root:User record b'dad36ca9-74f4-49dd-953c-c9ea003b8b4f' kafka_sensor_topic 0 461
INFO:root:User record b'f2a206a8-4c8e-4b80-ac80-5dc6ed2f9838' kafka_sensor_topic 4 439
INFO:root:User record b'd6a9cd40-216c-49bd-a73b-9429403175f1' kafka_sensor_topic 5 420
INFO:root:User record b'acf60b1e-d8af-4489-8ba1-4efde7d0aae1' kafka_sensor_topic 4 440
INFO:root:User record b'c91358e3-a5cd-467f-8e49-73c52fad1069' kafka_sensor_topic 2 466
INFO:root:User record b'1359a461-0739-4b3b-90bf-a3526c41cb4d' kafka_sensor_topic 4 441
INFO:root:User record b'a6031005-e414-49a9-b19e-09de1fa21e28' kafka_sensor_topic 1 436
INFO:root:User record b'88566799-5f45-4429-819a-155156039760' kafka_sensor_topic 4 442
INFO:root:User record b'453c1878-d871-419b-a199-c9b69b3692bb' kafka_sensor_topic 1 437
INFO:root:User record b'46f509a3-0a50-4972-b1af-47eac783cccc' kafka_sensor_topic 5 421
INFO:root:User record b'4be00b3f-ecd1-430b-9310-b7df6d420c8c' kafka_sensor_topic 0 462
INFO:root:User record b'48b9d697-b5e9-4b41-85e5-ed0789f20d1d' kafka_sensor_topic 5 422
INFO:root:User record b'7cc52b12-ea4d-4763-a1a3-d57a023cc872' kafka_sensor_topic 2 467
INFO:root:User record b'406687c3-1316-4916-96b2-c911eb179452' kafka_sensor_topic 3 462
INFO:root:User record b'34eebb8a-ec70-4fde-9874-18778337100d' kafka_sensor_topic 3 463
INFO:root:User record b'ae489c0e-eab0-4a32-81bf-1c49515063ba' kafka_sensor_topic 5 423
INFO:root:User record b'7a9559ed-5dd2-4298-b483-bea2d3d4f69e' kafka_sensor_topic 1 438
INFO:root:User record b'b0bd1f4f-7509-4cec-b750-de78574bd2c0' kafka_sensor_topic 2 468
INFO:root:User record b'c66c9d88-4bb9-47bf-a3e5-f82b5dc9367f' kafka_sensor_topic 2 469
INFO:root:User record b'6891397e-f679-4580-92c8-33f450dc5726' kafka_sensor_topic 4 443
INFO:root:User record b'ed3bd163-8a6d-487b-a9f1-b15919714f2e' kafka_sensor_topic 1 439
INFO:root:User record b'7e523fe8-c327-4bb3-bceb-8a9991c890bd' kafka_sensor_topic 1 440
INFO:root:User record b'e0349a8d-ba54-42f3-b54f-7e92ca2306e1' kafka_sensor_topic 5 424
INFO:root:User record b'085a39d3-f6f0-42bb-9359-1f21d24258e9' kafka_sensor_topic 0 463
INFO:root:User record b'886f778b-ca41-4bf9-8905-1ffe65a354e2' kafka_sensor_topic 1 441
INFO:root:User record b'e0466afb-c0e3-4c38-8c64-83f0fae92794' kafka_sensor_topic 2 470
INFO:root:User record b'83ce5867-0fa0-4cf1-8147-ab2838afed27' kafka_sensor_topic 3 464
INFO:root:User record b'88e22c6e-1065-4ed1-a466-3e0837793905' kafka_sensor_topic 4 444
INFO:root:User record b'df0e8a03-9973-4473-adab-a01e33c42680' kafka_sensor_topic 3 465
INFO:root:User record b'e06a2cfe-d085-4748-982a-9201b04e4fd3' kafka_sensor_topic 0 464
INFO:root:User record b'0de48658-7c20-4a38-8603-b414e9ce7333' kafka_sensor_topic 4 445
INFO:root:User record b'9d100d0d-38b8-4a16-a0de-af206bdd9c91' kafka_sensor_topic 1 442
INFO:root:User record b'8b273cdd-1abe-4da2-9ef0-4b811968ab44' kafka_sensor_topic 3 466
INFO:root:User record b'77d094ab-a91a-4ce6-afba-6e32312ef780' kafka_sensor_topic 2 471
INFO:root:User record b'ba0137da-13d6-4805-9023-0362e4577179' kafka_sensor_topic 3 467
INFO:root:User record b'85d4df84-c78c-408d-b965-25fbf9797411' kafka_sensor_topic 1 443
INFO:root:User record b'9c045969-d511-45ac-8475-325b85bef920' kafka_sensor_topic 1 444
INFO:root:User record b'603505e6-d2a0-4105-9fcf-1c866308256b' kafka_sensor_topic 4 446
INFO:root:User record b'38d18dce-f258-45a4-bdb5-99e680e0c890' kafka_sensor_topic 4 447
INFO:root:User record b'56e9e5e4-ce6d-4eff-93a6-a0b0f0f6dc77' kafka_sensor_topic 0 465
INFO:root:User record b'82b92320-e6dc-4972-abd1-d3645d06f365' kafka_sensor_topic 3 468
INFO:root:User record b'7b1931ac-73f8-40ab-acd7-881a348ca499' kafka_sensor_topic 2 472
INFO:root:User record b'991c95a3-7c30-4490-bef6-e5ba5b520240' kafka_sensor_topic 2 473
INFO:root:User record b'8747a9e3-c033-4610-8843-56e9199fbdbb' kafka_sensor_topic 0 466
INFO:root:User record b'e2a6ad38-08fb-473f-8025-ea884ce9e77e' kafka_sensor_topic 5 425
INFO:root:User record b'f892f319-662b-428e-b03f-f45804707613' kafka_sensor_topic 0 467
INFO:root:User record b'424ba276-0181-446a-96af-f45bfdacec8e' kafka_sensor_topic 4 448
INFO:root:User record b'8a3f4ac1-de81-48a7-b058-34ce72af19c3' kafka_sensor_topic 3 469
INFO:root:User record b'89e20ff0-2167-4b6e-8aed-306d7f679299' kafka_sensor_topic 0 468
INFO:root:User record b'2201c1cb-44f2-40ec-9931-e00a98daaa01' kafka_sensor_topic 1 445
INFO:root:User record b'5ac4484b-1e64-46ff-b1f2-4795500c74f5' kafka_sensor_topic 1 446
INFO:root:User record b'a099936d-db43-434f-beec-629cb1e1727c' kafka_sensor_topic 0 469
INFO:root:User record b'a2e66b48-38aa-4165-9ad8-ef39d818b975' kafka_sensor_topic 2 474
INFO:root:User record b'1b2bfd46-937f-48ea-b1b3-b37ada2e179a' kafka_sensor_topic 0 470
INFO:root:User record b'92eae5f7-4f51-43f2-bfe8-afd947393604' kafka_sensor_topic 0 471
INFO:root:User record b'421af585-d77d-4382-9920-92b14afb2dba' kafka_sensor_topic 2 475
INFO:root:User record b'3c090fdc-46b7-426c-9e8a-4ee1bcf56bbc' kafka_sensor_topic 3 470
INFO:root:User record b'936e2b70-6711-4e44-ad1f-c6c842d60530' kafka_sensor_topic 4 449
INFO:root:User record b'de9dd0c5-8413-40e6-a552-00d81aead192' kafka_sensor_topic 0 472
INFO:root:User record b'f66511b0-5623-4a1d-9ab9-4db04d5d10ee' kafka_sensor_topic 4 450
INFO:root:User record b'dda329ff-4fdd-4f30-b81a-be6be9e249ea' kafka_sensor_topic 1 447
INFO:root:User record b'3276b9ea-7915-4493-b77b-636e38f8b852' kafka_sensor_topic 0 473
INFO:root:User record b'2991acf9-d4d3-411a-bcbb-4438172611bb' kafka_sensor_topic 3 471
INFO:root:User record b'2f646a5f-012a-4e3c-a00c-612fa39d04a0' kafka_sensor_topic 0 474
INFO:root:User record b'8f58984b-fd05-44de-8935-6ec3d463daa0' kafka_sensor_topic 3 472
INFO:root:User record b'e236a0d2-7304-4265-82c4-2cd764e61ab8' kafka_sensor_topic 1 448
INFO:root:User record b'd5d3c2d9-a7e8-4ffe-b8e4-3e7d38ff6f1a' kafka_sensor_topic 5 426
INFO:root:User record b'2403bb46-bc62-4cde-aef1-0b1ad162d78d' kafka_sensor_topic 2 476
INFO:root:User record b'3373709a-ae81-480d-8a42-b50a997bfd62' kafka_sensor_topic 0 475
INFO:root:User record b'1cbe3be0-2563-45e6-aee2-08aa7c314c11' kafka_sensor_topic 2 477
INFO:root:User record b'13c1e293-e1b1-40c0-a9da-066bf87ddda5' kafka_sensor_topic 4 451
INFO:root:User record b'48150c21-1f98-417c-9a24-7b8b2dd1a3e7' kafka_sensor_topic 5 427
